#
# A fatal error has been detected by the Java Runtime Environment:
#
#  SIGSEGV (0xb) at pc=0x00007f5035ae7fed, pid=18051, tid=18057
#
# JRE version: OpenJDK Runtime Environment (11.0.2+9) (build 11.0.2+9-Debian-3)
# Java VM: OpenJDK 64-Bit Server VM (11.0.2+9-Debian-3, mixed mode, sharing, tiered, compressed oops, g1 gc, linux-amd64)
# Problematic frame:
# C  [libglfw.so+0x7fed]  glfwSwapBuffers+0xd
#
# No core dump will be written. Core dumps have been disabled. To enable core dumping, try "ulimit -c unlimited" before starting Java again
#
# If you would like to submit a bug report, please visit:
#   http://bugreport.java.com/bugreport/crash.jsp
# The crash happened outside the Java Virtual Machine in native code.
# See problematic frame for where to report the bug.
#

---------------  S U M M A R Y ------------

Command Line: -Djava.library.path=/media/cyking/Devopps/MyProjects/JavaGameDevelopment/VoyceEngine/dependancies/lwjgl:/media/cyking/Devopps/MyProjects/JavaGameDevelopment/VoyceEngine/dependancies/lwjgl-assimp/lwjgl-assimp-natives-linux:/media/cyking/Devopps/MyProjects/JavaGameDevelopment/VoyceEngine/dependancies/lwjgl-glfw:/media/cyking/Devopps/MyProjects/JavaGameDevelopment/VoyceEngine/dependancies/lwjgl-jawt:/media/cyking/Devopps/MyProjects/JavaGameDevelopment/VoyceEngine/dependancies/lwjgl-opengl:/media/cyking/Devopps/MyProjects/JavaGameDevelopment/VoyceEngine/dependancies/lwjgl-stb:/media/cyking/Devopps/MyProjects/JavaGameDevelopment/VoyceEngine/dependancies/lwjgl-nuklear/lwjgl-nuklear-natives-linux -Dfile.encoding=UTF-8 testunits.VoyceSandBox

Host: Intel(R) Core(TM) i3-8130U CPU @ 2.20GHz, 4 cores, 3G, Kali GNU/Linux Rolling
Time: Fri Sep 13 20:00:18 2019 EAT elapsed time: 0 seconds (0d 0h 0m 0s)

---------------  T H R E A D  ---------------

Current thread (0x00007f505c011800):  JavaThread "main" [_thread_in_native, id=18057, stack(0x00007f5063f93000,0x00007f5064094000)]

Stack: [0x00007f5063f93000,0x00007f5064094000],  sp=0x00007f5064092718,  free space=1021k
Native frames: (J=compiled Java code, A=aot compiled Java code, j=interpreted, Vv=VM code, C=native code)
C  [libglfw.so+0x7fed]  glfwSwapBuffers+0xd
j  org.lwjgl.glfw.GLFW.glfwSwapBuffers(J)V+17
j  window.VoyceWindow.createWindow()V+221
j  window.VoyceWindow.<init>(Ljava/lang/String;II)V+38
j  chasis.BaseEngine.start()V+36
j  testunits.VoyceSandBox.main([Ljava/lang/String;)V+14
v  ~StubRoutines::call_stub
V  [libjvm.so+0x7f7561]
V  [libjvm.so+0x86b42b]
V  [libjvm.so+0x86d628]
C  [libjli.so+0x548e]
C  [libjli.so+0x958d]

Java frames: (J=compiled Java code, j=interpreted, Vv=VM code)
j  org.lwjgl.system.JNI.invokePV(JJ)V+0
j  org.lwjgl.glfw.GLFW.glfwSwapBuffers(J)V+17
j  window.VoyceWindow.createWindow()V+221
j  window.VoyceWindow.<init>(Ljava/lang/String;II)V+38
j  chasis.BaseEngine.start()V+36
j  testunits.VoyceSandBox.main([Ljava/lang/String;)V+14
v  ~StubRoutines::call_stub

siginfo: si_signo: 11 (SIGSEGV), si_code: 1 (SEGV_MAPERR), si_addr: 0x00000000000001f1

Register to memory mapping:

RAX=0x00007f5035d23260: <offset 0x0000000000243260> in /media/cyking/Devopps/MyProjects/JavaGameDevelopment/VoyceEngine/dependancies/lwjgl-glfw/libglfw.so at 0x00007f5035ae0000
RBX={method} {0x00007f50609019e0} 'invokePV' '(JJ)V' in 'org/lwjgl/system/JNI'
RCX=0x0000000000000001 is an unknown value
RDX=0x0000000000000001 is an unknown value
RSP=0x00007f5064092718 is pointing into the stack for thread: 0x00007f505c011800
RBP=0x00007f5064092788 is pointing into the stack for thread: 0x00007f505c011800
RSI=0x00007f5064092798 is pointing into the stack for thread: 0x00007f505c011800
RDI=0x0000000000000001 is an unknown value
R8 =0x00007f50608f0b28 is pointing into metadata
R9 =0x0000000000000002 is an unknown value
R10=0x00007f5044996941 is at code_begin+897 in an Interpreter codelet
method entry point (kind = native)  [0x00007f50449965c0, 0x00007f5044997000]  2624 bytes
R11=0x00000000c7ebc130 points into unknown readable memory: 01 dd 2d 01 3d 00 00 00
R12=0x0 is NULL
R13={method} {0x00007f50609019e0} 'invokePV' '(JJ)V' in 'org/lwjgl/system/JNI'
R14=0x00007f50640927c0 is pointing into the stack for thread: 0x00007f505c011800
R15=0x00007f505c011800 is a thread


Registers:
RAX=0x00007f5035d23260, RBX=0x00007f50609019e0, RCX=0x0000000000000001, RDX=0x0000000000000001
RSP=0x00007f5064092718, RBP=0x00007f5064092788, RSI=0x00007f5064092798, RDI=0x0000000000000001
R8 =0x00007f50608f0b28, R9 =0x0000000000000002, R10=0x00007f5044996941, R11=0x00000000c7ebc130
R12=0x0000000000000000, R13=0x00007f50609019e0, R14=0x00007f50640927c0, R15=0x00007f505c011800
RIP=0x00007f5035ae7fed, EFLAGS=0x0000000000010202, CSGSFS=0x002b000000000033, ERR=0x0000000000000004
  TRAPNO=0x000000000000000e

Top of Stack: (sp=0x00007f5064092718)
0x00007f5064092718:   00007f5044996970 00007f50608f0b28
0x00007f5064092728:   00007f505c011800 00007f504498f490
0x00007f5064092738:   00007f5000000000 00007f5064092740
0x00007f5064092748:   0000000000000000 00007f50640927c0 

Instructions: (pc=0x00007f5035ae7fed)
0x00007f5035ae7fcd:   e8 8e 09 00 00 31 c0 48 83 c4 08 c3 0f 1f 80 00
0x00007f5035ae7fdd:   00 00 00 48 8d 05 79 b2 23 00 8b 10 85 d2 74 2b
0x00007f5035ae7fed:   8b 87 f0 01 00 00 85 c0 74 09 48 8b 87 40 02 00
0x00007f5035ae7ffd:   00 ff e0 48 8d 35 11 68 01 00 bf 0a 00 01 00 31 

Stack slot to memory mapping:
stack at sp + 0 slots: 0x00007f5044996970 is at code_begin+944 in an Interpreter codelet
method entry point (kind = native)  [0x00007f50449965c0, 0x00007f5044997000]  2624 bytes
stack at sp + 1 slots: 0x00007f50608f0b28 is pointing into metadata
stack at sp + 2 slots: 0x00007f505c011800 is a thread
stack at sp + 3 slots: 0x00007f504498f490 is at code_begin+-112 in 
[CodeBlob (0x00007f504498f490)]
Framesize: 0
BufferBlob (0x00007f504498f490) used for Interpreter
stack at sp + 4 slots: 0x00007f5000000000 points into unknown readable memory: 20 00 00 00 50 7f 00 00
stack at sp + 5 slots: 0x00007f5064092740 is pointing into the stack for thread: 0x00007f505c011800
stack at sp + 6 slots: 0x0 is NULL
stack at sp + 7 slots: 0x00007f50640927c0 is pointing into the stack for thread: 0x00007f505c011800


---------------  P R O C E S S  ---------------

Threads class SMR info:
_java_thread_list=0x00007f50100e6ee0, length=10, elements={
0x00007f505c011800, 0x00007f505c0af800, 0x00007f505c0b1800, 0x00007f505c0bb800,
0x00007f505c0bd800, 0x00007f505c0bf800, 0x00007f505c0c1800, 0x00007f505c104000,
0x00007f505c10a800, 0x00007f50100e5800
}

Java Threads: ( => current thread )
=>0x00007f505c011800 JavaThread "main" [_thread_in_native, id=18057, stack(0x00007f5063f93000,0x00007f5064094000)]
  0x00007f505c0af800 JavaThread "Reference Handler" daemon [_thread_blocked, id=18064, stack(0x00007f506016f000,0x00007f5060270000)]
  0x00007f505c0b1800 JavaThread "Finalizer" daemon [_thread_blocked, id=18065, stack(0x00007f506006e000,0x00007f506016f000)]
  0x00007f505c0bb800 JavaThread "Signal Dispatcher" daemon [_thread_blocked, id=18066, stack(0x00007f504460e000,0x00007f504470f000)]
  0x00007f505c0bd800 JavaThread "C2 CompilerThread0" daemon [_thread_blocked, id=18067, stack(0x00007f504450d000,0x00007f504460e000)]
  0x00007f505c0bf800 JavaThread "C1 CompilerThread0" daemon [_thread_blocked, id=18068, stack(0x00007f504440c000,0x00007f504450d000)]
  0x00007f505c0c1800 JavaThread "Sweeper thread" daemon [_thread_blocked, id=18069, stack(0x00007f504430b000,0x00007f504440c000)]
  0x00007f505c104000 JavaThread "Service Thread" daemon [_thread_blocked, id=18070, stack(0x00007f504420a000,0x00007f504430b000)]
  0x00007f505c10a800 JavaThread "Common-Cleaner" daemon [_thread_blocked, id=18072, stack(0x00007f5044007000,0x00007f5044108000)]
  0x00007f50100e5800 JavaThread "C2 CompilerThread1" daemon [_thread_blocked, id=18073, stack(0x00007f5035232000,0x00007f5035333000)]

Other Threads:
  0x00007f505c0ac800 VMThread "VM Thread" [stack: 0x00007f5060272000,0x00007f5060372000] [id=18063]
  0x00007f505c107000 WatcherThread [stack: 0x00007f504410a000,0x00007f504420a000] [id=18071]
  0x00007f505c027000 GCTaskThread "GC Thread#0" [stack: 0x00007f5063c51000,0x00007f5063d51000] [id=18058]
  0x00007f505c041800 ConcurrentGCThread "G1 Main Marker" [stack: 0x00007f50613c4000,0x00007f50614c4000] [id=18059]
  0x00007f505c043000 ConcurrentGCThread "G1 Conc#0" [stack: 0x00007f50612c2000,0x00007f50613c2000] [id=18060]
  0x00007f505c085000 ConcurrentGCThread "G1 Refine#0" [stack: 0x00007f5060dbc000,0x00007f5060ebc000] [id=18061]
  0x00007f505c086800 ConcurrentGCThread "G1 Young RemSet Sampling" [stack: 0x00007f5060cba000,0x00007f5060dba000] [id=18062]

Threads with active compile tasks:

VM state:not at safepoint (normal execution)

VM Mutex/Monitor currently owned by a thread: None

Heap address: 0x00000000c4600000, size: 954 MB, Compressed Oops mode: 32-bit
Narrow klass base: 0x0000000800000000, Narrow klass shift: 3
Compressed class space size: 1073741824 Address: 0x0000000840000000

Heap:
 garbage-first heap   total 61440K, used 3072K [0x00000000c4600000, 0x0000000100000000)
  region size 1024K, 4 young (4096K), 0 survivors (0K)
 Metaspace       used 2060K, capacity 5334K, committed 5632K, reserved 1056768K
  class space    used 167K, capacity 460K, committed 512K, reserved 1048576K
Heap Regions: E=young(eden), S=young(survivor), O=old, HS=humongous(starts), HC=humongous(continues), CS=collection set, F=free, A=archive, TAMS=top-at-mark-start (previous, next)
|   0|0x00000000c4600000, 0x00000000c4600000, 0x00000000c4700000|  0%| F|  |TAMS 0x00000000c4600000, 0x00000000c4600000| Untracked 
|   1|0x00000000c4700000, 0x00000000c4700000, 0x00000000c4800000|  0%| F|  |TAMS 0x00000000c4700000, 0x00000000c4700000| Untracked 
|   2|0x00000000c4800000, 0x00000000c4800000, 0x00000000c4900000|  0%| F|  |TAMS 0x00000000c4800000, 0x00000000c4800000| Untracked 
|   3|0x00000000c4900000, 0x00000000c4900000, 0x00000000c4a00000|  0%| F|  |TAMS 0x00000000c4900000, 0x00000000c4900000| Untracked 
|   4|0x00000000c4a00000, 0x00000000c4a00000, 0x00000000c4b00000|  0%| F|  |TAMS 0x00000000c4a00000, 0x00000000c4a00000| Untracked 
|   5|0x00000000c4b00000, 0x00000000c4b00000, 0x00000000c4c00000|  0%| F|  |TAMS 0x00000000c4b00000, 0x00000000c4b00000| Untracked 
|   6|0x00000000c4c00000, 0x00000000c4c00000, 0x00000000c4d00000|  0%| F|  |TAMS 0x00000000c4c00000, 0x00000000c4c00000| Untracked 
|   7|0x00000000c4d00000, 0x00000000c4d00000, 0x00000000c4e00000|  0%| F|  |TAMS 0x00000000c4d00000, 0x00000000c4d00000| Untracked 
|   8|0x00000000c4e00000, 0x00000000c4e00000, 0x00000000c4f00000|  0%| F|  |TAMS 0x00000000c4e00000, 0x00000000c4e00000| Untracked 
|   9|0x00000000c4f00000, 0x00000000c4f00000, 0x00000000c5000000|  0%| F|  |TAMS 0x00000000c4f00000, 0x00000000c4f00000| Untracked 
|  10|0x00000000c5000000, 0x00000000c5000000, 0x00000000c5100000|  0%| F|  |TAMS 0x00000000c5000000, 0x00000000c5000000| Untracked 
|  11|0x00000000c5100000, 0x00000000c5100000, 0x00000000c5200000|  0%| F|  |TAMS 0x00000000c5100000, 0x00000000c5100000| Untracked 
|  12|0x00000000c5200000, 0x00000000c5200000, 0x00000000c5300000|  0%| F|  |TAMS 0x00000000c5200000, 0x00000000c5200000| Untracked 
|  13|0x00000000c5300000, 0x00000000c5300000, 0x00000000c5400000|  0%| F|  |TAMS 0x00000000c5300000, 0x00000000c5300000| Untracked 
|  14|0x00000000c5400000, 0x00000000c5400000, 0x00000000c5500000|  0%| F|  |TAMS 0x00000000c5400000, 0x00000000c5400000| Untracked 
|  15|0x00000000c5500000, 0x00000000c5500000, 0x00000000c5600000|  0%| F|  |TAMS 0x00000000c5500000, 0x00000000c5500000| Untracked 
|  16|0x00000000c5600000, 0x00000000c5600000, 0x00000000c5700000|  0%| F|  |TAMS 0x00000000c5600000, 0x00000000c5600000| Untracked 
|  17|0x00000000c5700000, 0x00000000c5700000, 0x00000000c5800000|  0%| F|  |TAMS 0x00000000c5700000, 0x00000000c5700000| Untracked 
|  18|0x00000000c5800000, 0x00000000c5800000, 0x00000000c5900000|  0%| F|  |TAMS 0x00000000c5800000, 0x00000000c5800000| Untracked 
|  19|0x00000000c5900000, 0x00000000c5900000, 0x00000000c5a00000|  0%| F|  |TAMS 0x00000000c5900000, 0x00000000c5900000| Untracked 
|  20|0x00000000c5a00000, 0x00000000c5a00000, 0x00000000c5b00000|  0%| F|  |TAMS 0x00000000c5a00000, 0x00000000c5a00000| Untracked 
|  21|0x00000000c5b00000, 0x00000000c5b00000, 0x00000000c5c00000|  0%| F|  |TAMS 0x00000000c5b00000, 0x00000000c5b00000| Untracked 
|  22|0x00000000c5c00000, 0x00000000c5c00000, 0x00000000c5d00000|  0%| F|  |TAMS 0x00000000c5c00000, 0x00000000c5c00000| Untracked 
|  23|0x00000000c5d00000, 0x00000000c5d00000, 0x00000000c5e00000|  0%| F|  |TAMS 0x00000000c5d00000, 0x00000000c5d00000| Untracked 
|  24|0x00000000c5e00000, 0x00000000c5e00000, 0x00000000c5f00000|  0%| F|  |TAMS 0x00000000c5e00000, 0x00000000c5e00000| Untracked 
|  25|0x00000000c5f00000, 0x00000000c5f00000, 0x00000000c6000000|  0%| F|  |TAMS 0x00000000c5f00000, 0x00000000c5f00000| Untracked 
|  26|0x00000000c6000000, 0x00000000c6000000, 0x00000000c6100000|  0%| F|  |TAMS 0x00000000c6000000, 0x00000000c6000000| Untracked 
|  27|0x00000000c6100000, 0x00000000c6100000, 0x00000000c6200000|  0%| F|  |TAMS 0x00000000c6100000, 0x00000000c6100000| Untracked 
|  28|0x00000000c6200000, 0x00000000c6200000, 0x00000000c6300000|  0%| F|  |TAMS 0x00000000c6200000, 0x00000000c6200000| Untracked 
|  29|0x00000000c6300000, 0x00000000c6300000, 0x00000000c6400000|  0%| F|  |TAMS 0x00000000c6300000, 0x00000000c6300000| Untracked 
|  30|0x00000000c6400000, 0x00000000c6400000, 0x00000000c6500000|  0%| F|  |TAMS 0x00000000c6400000, 0x00000000c6400000| Untracked 
|  31|0x00000000c6500000, 0x00000000c6500000, 0x00000000c6600000|  0%| F|  |TAMS 0x00000000c6500000, 0x00000000c6500000| Untracked 
|  32|0x00000000c6600000, 0x00000000c6600000, 0x00000000c6700000|  0%| F|  |TAMS 0x00000000c6600000, 0x00000000c6600000| Untracked 
|  33|0x00000000c6700000, 0x00000000c6700000, 0x00000000c6800000|  0%| F|  |TAMS 0x00000000c6700000, 0x00000000c6700000| Untracked 
|  34|0x00000000c6800000, 0x00000000c6800000, 0x00000000c6900000|  0%| F|  |TAMS 0x00000000c6800000, 0x00000000c6800000| Untracked 
|  35|0x00000000c6900000, 0x00000000c6900000, 0x00000000c6a00000|  0%| F|  |TAMS 0x00000000c6900000, 0x00000000c6900000| Untracked 
|  36|0x00000000c6a00000, 0x00000000c6a00000, 0x00000000c6b00000|  0%| F|  |TAMS 0x00000000c6a00000, 0x00000000c6a00000| Untracked 
|  37|0x00000000c6b00000, 0x00000000c6b00000, 0x00000000c6c00000|  0%| F|  |TAMS 0x00000000c6b00000, 0x00000000c6b00000| Untracked 
|  38|0x00000000c6c00000, 0x00000000c6c00000, 0x00000000c6d00000|  0%| F|  |TAMS 0x00000000c6c00000, 0x00000000c6c00000| Untracked 
|  39|0x00000000c6d00000, 0x00000000c6d00000, 0x00000000c6e00000|  0%| F|  |TAMS 0x00000000c6d00000, 0x00000000c6d00000| Untracked 
|  40|0x00000000c6e00000, 0x00000000c6e00000, 0x00000000c6f00000|  0%| F|  |TAMS 0x00000000c6e00000, 0x00000000c6e00000| Untracked 
|  41|0x00000000c6f00000, 0x00000000c6f00000, 0x00000000c7000000|  0%| F|  |TAMS 0x00000000c6f00000, 0x00000000c6f00000| Untracked 
|  42|0x00000000c7000000, 0x00000000c7000000, 0x00000000c7100000|  0%| F|  |TAMS 0x00000000c7000000, 0x00000000c7000000| Untracked 
|  43|0x00000000c7100000, 0x00000000c7100000, 0x00000000c7200000|  0%| F|  |TAMS 0x00000000c7100000, 0x00000000c7100000| Untracked 
|  44|0x00000000c7200000, 0x00000000c7200000, 0x00000000c7300000|  0%| F|  |TAMS 0x00000000c7200000, 0x00000000c7200000| Untracked 
|  45|0x00000000c7300000, 0x00000000c7300000, 0x00000000c7400000|  0%| F|  |TAMS 0x00000000c7300000, 0x00000000c7300000| Untracked 
|  46|0x00000000c7400000, 0x00000000c7400000, 0x00000000c7500000|  0%| F|  |TAMS 0x00000000c7400000, 0x00000000c7400000| Untracked 
|  47|0x00000000c7500000, 0x00000000c7500000, 0x00000000c7600000|  0%| F|  |TAMS 0x00000000c7500000, 0x00000000c7500000| Untracked 
|  48|0x00000000c7600000, 0x00000000c7600000, 0x00000000c7700000|  0%| F|  |TAMS 0x00000000c7600000, 0x00000000c7600000| Untracked 
|  49|0x00000000c7700000, 0x00000000c7700000, 0x00000000c7800000|  0%| F|  |TAMS 0x00000000c7700000, 0x00000000c7700000| Untracked 
|  50|0x00000000c7800000, 0x00000000c7800000, 0x00000000c7900000|  0%| F|  |TAMS 0x00000000c7800000, 0x00000000c7800000| Untracked 
|  51|0x00000000c7900000, 0x00000000c7900000, 0x00000000c7a00000|  0%| F|  |TAMS 0x00000000c7900000, 0x00000000c7900000| Untracked 
|  52|0x00000000c7a00000, 0x00000000c7a00000, 0x00000000c7b00000|  0%| F|  |TAMS 0x00000000c7a00000, 0x00000000c7a00000| Untracked 
|  53|0x00000000c7b00000, 0x00000000c7b00000, 0x00000000c7c00000|  0%| F|  |TAMS 0x00000000c7b00000, 0x00000000c7b00000| Untracked 
|  54|0x00000000c7c00000, 0x00000000c7c00000, 0x00000000c7d00000|  0%| F|  |TAMS 0x00000000c7c00000, 0x00000000c7c00000| Untracked 
|  55|0x00000000c7d00000, 0x00000000c7d00000, 0x00000000c7e00000|  0%| F|  |TAMS 0x00000000c7d00000, 0x00000000c7d00000| Untracked 
|  56|0x00000000c7e00000, 0x00000000c7ed9ee0, 0x00000000c7f00000| 85%| E|  |TAMS 0x00000000c7e00000, 0x00000000c7e00000| Complete 
|  57|0x00000000c7f00000, 0x00000000c8000000, 0x00000000c8000000|100%| E|CS|TAMS 0x00000000c7f00000, 0x00000000c7f00000| Complete 
|  58|0x00000000c8000000, 0x00000000c8100000, 0x00000000c8100000|100%| E|CS|TAMS 0x00000000c8000000, 0x00000000c8000000| Complete 
|  59|0x00000000c8100000, 0x00000000c8200000, 0x00000000c8200000|100%| E|CS|TAMS 0x00000000c8100000, 0x00000000c8100000| Complete 

Card table byte_map: [0x00007f5063491000,0x00007f506366e000] _byte_map_base: 0x00007f5062e6e000

Marking Bits (Prev, Next): (CMBitMap*) 0x00007f505c03ccf8, (CMBitMap*) 0x00007f505c03cd30
 Prev Bits: [0x00007f50623cc000, 0x00007f50632b4000)
 Next Bits: [0x00007f50614e4000, 0x00007f50623cc000)

Polling page: 0x00007f50658f2000

Metaspace:

Usage:
  Non-class:      4.76 MB capacity,     1.85 MB ( 39%) used,     2.91 MB ( 61%) free+waste,     4.62 KB ( <1%) overhead. 
      Class:    460.00 KB capacity,   167.18 KB ( 36%) used,   290.20 KB ( 63%) free+waste,     2.62 KB ( <1%) overhead. 
       Both:      5.21 MB capacity,     2.01 MB ( 39%) used,     3.19 MB ( 61%) free+waste,     7.25 KB ( <1%) overhead. 

Virtual space:
  Non-class space:        8.00 MB reserved,       5.00 MB ( 62%) committed 
      Class space:        1.00 GB reserved,     512.00 KB ( <1%) committed 
             Both:        1.01 GB reserved,       5.50 MB ( <1%) committed 

Chunk freelists:
   Non-Class:  3.75 KB
       Class:  0 bytes
        Both:  3.75 KB

CodeHeap 'non-profiled nmethods': size=120032Kb used=106Kb max_used=106Kb free=119925Kb
 bounds [0x00007f504c44f000, 0x00007f504c6bf000, 0x00007f5053987000]
CodeHeap 'profiled nmethods': size=120032Kb used=444Kb max_used=444Kb free=119588Kb
 bounds [0x00007f5044f17000, 0x00007f5045187000, 0x00007f504c44f000]
CodeHeap 'non-nmethods': size=5696Kb used=1362Kb max_used=1376Kb free=4333Kb
 bounds [0x00007f5044987000, 0x00007f5044bf7000, 0x00007f5044f17000]
 total_blobs=1251 nmethods=344 adapters=737
 compilation: enabled
              stopped_count=0, restarted_count=0
 full_count=0

Compilation events (10 events):
Event: 0.566 Thread 0x00007f505c0bf800  340       3       java.util.concurrent.ConcurrentHashMap$Traverser::advance (188 bytes)
Event: 0.567 Thread 0x00007f505c0bf800 nmethod 340 0x00007f5044f83710 code [0x00007f5044f83980, 0x00007f5044f84818]
Event: 0.567 Thread 0x00007f505c0bf800  341       1       jdk.internal.loader.URLClassPath$Loader::getBaseURL (5 bytes)
Event: 0.567 Thread 0x00007f505c0bf800 nmethod 341 0x00007f504c469790 code [0x00007f504c469940, 0x00007f504c469a70]
Event: 0.567 Thread 0x00007f505c0bf800  342       3       java.lang.Character::toUpperCase (6 bytes)
Event: 0.567 Thread 0x00007f505c0bf800 nmethod 342 0x00007f5044f84b10 code [0x00007f5044f84ce0, 0x00007f5044f84f98]
Event: 0.567 Thread 0x00007f505c0bf800  343       3       java.util.zip.ZipFile::ensureOpen (38 bytes)
Event: 0.567 Thread 0x00007f505c0bf800 nmethod 343 0x00007f5044f85090 code [0x00007f5044f85280, 0x00007f5044f85658]
Event: 0.567 Thread 0x00007f505c0bf800  344       3       java.util.LinkedHashMap::get (33 bytes)
Event: 0.567 Thread 0x00007f505c0bf800 nmethod 344 0x00007f5044f85790 code [0x00007f5044f85980, 0x00007f5044f85e48]

GC Heap History (0 events):
No events

Deoptimization events (1 events):
Event: 0.294 Thread 0x00007f505c011800 Uncommon trap: reason=unstable_if action=reinterpret pc=0x00007f504c454004 method=java.lang.String.hashCode()I @ 14 c2

Classes redefined (0 events):
No events

Internal exceptions (4 events):
Event: 0.323 Thread 0x00007f505c011800 Exception <a 'java/lang/NoSuchMethodError'{0x00000000c7f38c38}: java.lang.invoke.DelegatingMethodHandle$Holder.delegate(Ljava/lang/Object;Ljava/lang/Object;ILjava/lang/Object;)V> (0x00000000c7f38c38) thrown at [/build/openjdk-11-5FnAmd/openjdk-11-11.0.2+9
Event: 0.325 Thread 0x00007f505c011800 Exception <a 'java/lang/NoSuchMethodError'{0x00000000c7f40278}: java.lang.invoke.DirectMethodHandle$Holder.invokeStaticInit(Ljava/lang/Object;Ljava/lang/Object;Ljava/lang/Object;)Ljava/lang/Object;> (0x00000000c7f40278) thrown at [/build/openjdk-11-5FnAmd
Event: 0.417 Thread 0x00007f505c011800 Exception <a 'sun/nio/fs/UnixException'{0x00000000c7ffb2b8}> (0x00000000c7ffb2b8) thrown at [/build/openjdk-11-5FnAmd/openjdk-11-11.0.2+9/src/hotspot/share/prims/jni.cpp, line 615]
Event: 0.417 Thread 0x00007f505c011800 Exception <a 'sun/nio/fs/UnixException'{0x00000000c7ffbdb8}> (0x00000000c7ffbdb8) thrown at [/build/openjdk-11-5FnAmd/openjdk-11-11.0.2+9/src/hotspot/share/prims/jni.cpp, line 615]

Events (10 events):
Event: 0.532 loading class org/lwjgl/glfw/EventLoop$OffScreen
Event: 0.532 loading class org/lwjgl/glfw/EventLoop$OffScreen done
Event: 0.566 loading class org/lwjgl/glfw/GLFWVidMode
Event: 0.566 loading class org/lwjgl/glfw/GLFWVidMode done
Event: 0.567 loading class org/lwjgl/system/Struct
Event: 0.567 loading class org/lwjgl/system/Struct done
Event: 0.568 loading class org/lwjgl/system/Struct$Member
Event: 0.568 loading class org/lwjgl/system/Struct$Member done
Event: 0.568 loading class org/lwjgl/system/Struct$Layout
Event: 0.568 loading class org/lwjgl/system/Struct$Layout done


Dynamic libraries:
c4600000-c8200000 rw-p 00000000 00:00 0 
c8200000-100000000 ---p 00000000 00:00 0 
800000000-800002000 rwxp 00001000 08:06 396987                           /usr/lib/jvm/java-11-openjdk-amd64/lib/server/classes.jsa
800002000-8003be000 rw-p 00003000 08:06 396987                           /usr/lib/jvm/java-11-openjdk-amd64/lib/server/classes.jsa
8003be000-800a99000 r--p 003bf000 08:06 396987                           /usr/lib/jvm/java-11-openjdk-amd64/lib/server/classes.jsa
800a99000-800a9a000 rw-p 00a9a000 08:06 396987                           /usr/lib/jvm/java-11-openjdk-amd64/lib/server/classes.jsa
800a9a000-8010ae000 r--p 00a9b000 08:06 396987                           /usr/lib/jvm/java-11-openjdk-amd64/lib/server/classes.jsa
840000000-840080000 rw-p 00000000 00:00 0 
840080000-880000000 ---p 00000000 00:00 0 
56072023b000-56072023c000 r--p 00000000 08:06 133678                     /usr/lib/jvm/java-11-openjdk-amd64/bin/java
56072023c000-56072023d000 r-xp 00001000 08:06 133678                     /usr/lib/jvm/java-11-openjdk-amd64/bin/java
56072023d000-56072023e000 r--p 00002000 08:06 133678                     /usr/lib/jvm/java-11-openjdk-amd64/bin/java
56072023e000-56072023f000 r--p 00002000 08:06 133678                     /usr/lib/jvm/java-11-openjdk-amd64/bin/java
56072023f000-560720240000 rw-p 00003000 08:06 133678                     /usr/lib/jvm/java-11-openjdk-amd64/bin/java
560720d8a000-560720dab000 rw-p 00000000 00:00 0                          [heap]
7f4ff8000000-7f4ff8021000 rw-p 00000000 00:00 0 
7f4ff8021000-7f4ffc000000 ---p 00000000 00:00 0 
7f4ffe79b000-7f4ffe79c000 ---p 00000000 00:00 0 
7f4ffe79c000-7f4ffef9c000 rw-p 00000000 00:00 0 
7f4ffef9c000-7f4fff0dd000 rw-s 00000000 08:09 262158                     /home/cyking/.cache/mesa_shader_cache/index
7f4fff0dd000-7f4fff0e5000 r-xp 00000000 08:06 2640349                    /usr/lib/x86_64-linux-gnu/libpciaccess.so.0.11.1
7f4fff0e5000-7f4fff2e5000 ---p 00008000 08:06 2640349                    /usr/lib/x86_64-linux-gnu/libpciaccess.so.0.11.1
7f4fff2e5000-7f4fff2e6000 r--p 00008000 08:06 2640349                    /usr/lib/x86_64-linux-gnu/libpciaccess.so.0.11.1
7f4fff2e6000-7f4fff2e7000 rw-p 00009000 08:06 2640349                    /usr/lib/x86_64-linux-gnu/libpciaccess.so.0.11.1
7f4fff2e7000-7f4fff355000 r--p 00000000 08:06 2636658                    /usr/lib/x86_64-linux-gnu/dri/i965_dri.so
7f4fff355000-7f4fffac0000 r-xp 0006e000 08:06 2636658                    /usr/lib/x86_64-linux-gnu/dri/i965_dri.so
7f4fffac0000-7f4fffcda000 r--p 007d9000 08:06 2636658                    /usr/lib/x86_64-linux-gnu/dri/i965_dri.so
7f4fffcda000-7f4fffcdb000 ---p 009f3000 08:06 2636658                    /usr/lib/x86_64-linux-gnu/dri/i965_dri.so
7f4fffcdb000-7f4fffd40000 r--p 009f3000 08:06 2636658                    /usr/lib/x86_64-linux-gnu/dri/i965_dri.so
7f4fffd40000-7f4fffd4c000 rw-p 00a58000 08:06 2636658                    /usr/lib/x86_64-linux-gnu/dri/i965_dri.so
7f4fffd4c000-7f4fffdfe000 rw-p 00000000 00:00 0 
7f4fffdfe000-7f4fffdff000 r-xp 00000000 08:06 2641054                    /usr/lib/x86_64-linux-gnu/libxshmfence.so.1.0.0
7f4fffdff000-7f4fffffe000 ---p 00001000 08:06 2641054                    /usr/lib/x86_64-linux-gnu/libxshmfence.so.1.0.0
7f4fffffe000-7f4ffffff000 r--p 00000000 08:06 2641054                    /usr/lib/x86_64-linux-gnu/libxshmfence.so.1.0.0
7f4ffffff000-7f5000000000 rw-p 00001000 08:06 2641054                    /usr/lib/x86_64-linux-gnu/libxshmfence.so.1.0.0
7f5000000000-7f5000021000 rw-p 00000000 00:00 0 
7f5000021000-7f5004000000 ---p 00000000 00:00 0 
7f5004000000-7f5004023000 rw-p 00000000 00:00 0 
7f5004023000-7f5008000000 ---p 00000000 00:00 0 
7f5008000000-7f5008021000 rw-p 00000000 00:00 0 
7f5008021000-7f500c000000 ---p 00000000 00:00 0 
7f500c000000-7f500c021000 rw-p 00000000 00:00 0 
7f500c021000-7f5010000000 ---p 00000000 00:00 0 
7f5010000000-7f50100f9000 rw-p 00000000 00:00 0 
7f50100f9000-7f5014000000 ---p 00000000 00:00 0 
7f5014000000-7f5014021000 rw-p 00000000 00:00 0 
7f5014021000-7f5018000000 ---p 00000000 00:00 0 
7f5018000000-7f5018021000 rw-p 00000000 00:00 0 
7f5018021000-7f501c000000 ---p 00000000 00:00 0 
7f501c000000-7f501c28d000 rw-p 00000000 00:00 0 
7f501c28d000-7f5020000000 ---p 00000000 00:00 0 
7f5020000000-7f5020021000 rw-p 00000000 00:00 0 
7f5020021000-7f5024000000 ---p 00000000 00:00 0 
7f5024000000-7f5024021000 rw-p 00000000 00:00 0 
7f5024021000-7f5028000000 ---p 00000000 00:00 0 
7f5028000000-7f5028021000 rw-p 00000000 00:00 0 
7f5028021000-7f502c000000 ---p 00000000 00:00 0 
7f502c000000-7f502c021000 rw-p 00000000 00:00 0 
7f502c021000-7f5030000000 ---p 00000000 00:00 0 
7f5030000000-7f5030021000 rw-p 00000000 00:00 0 
7f5030021000-7f5034000000 ---p 00000000 00:00 0 
7f5034074000-7f503407c000 rw-s 00000000 00:17 1337611                    /i915 (deleted)
7f503407c000-7f503407e000 r--p 00000000 08:06 2639303                    /usr/lib/x86_64-linux-gnu/libdrm_nouveau.so.2.0.0
7f503407e000-7f5034083000 r-xp 00002000 08:06 2639303                    /usr/lib/x86_64-linux-gnu/libdrm_nouveau.so.2.0.0
7f5034083000-7f5034085000 r--p 00007000 08:06 2639303                    /usr/lib/x86_64-linux-gnu/libdrm_nouveau.so.2.0.0
7f5034085000-7f5034086000 r--p 00008000 08:06 2639303                    /usr/lib/x86_64-linux-gnu/libdrm_nouveau.so.2.0.0
7f5034086000-7f5034087000 rw-p 00009000 08:06 2639303                    /usr/lib/x86_64-linux-gnu/libdrm_nouveau.so.2.0.0
7f5034087000-7f5034089000 r--p 00000000 08:06 2639306                    /usr/lib/x86_64-linux-gnu/libdrm_radeon.so.1.0.1
7f5034089000-7f5034091000 r-xp 00002000 08:06 2639306                    /usr/lib/x86_64-linux-gnu/libdrm_radeon.so.1.0.1
7f5034091000-7f5034093000 r--p 0000a000 08:06 2639306                    /usr/lib/x86_64-linux-gnu/libdrm_radeon.so.1.0.1
7f5034093000-7f5034094000 r--p 0000b000 08:06 2639306                    /usr/lib/x86_64-linux-gnu/libdrm_radeon.so.1.0.1
7f5034094000-7f5034095000 rw-p 0000c000 08:06 2639306                    /usr/lib/x86_64-linux-gnu/libdrm_radeon.so.1.0.1
7f5034095000-7f5034098000 r--p 00000000 08:06 2639300                    /usr/lib/x86_64-linux-gnu/libdrm_intel.so.1.0.0
7f5034098000-7f50340ae000 r-xp 00003000 08:06 2639300                    /usr/lib/x86_64-linux-gnu/libdrm_intel.so.1.0.0
7f50340ae000-7f50340b8000 r--p 00019000 08:06 2639300                    /usr/lib/x86_64-linux-gnu/libdrm_intel.so.1.0.0
7f50340b8000-7f50340b9000 r--p 00022000 08:06 2639300                    /usr/lib/x86_64-linux-gnu/libdrm_intel.so.1.0.0
7f50340b9000-7f50340ba000 rw-p 00023000 08:06 2639300                    /usr/lib/x86_64-linux-gnu/libdrm_intel.so.1.0.0
7f50340ba000-7f50340be000 r--p 00000000 08:06 2639380                    /usr/lib/x86_64-linux-gnu/libexpat.so.1.6.8
7f50340be000-7f50340df000 r-xp 00004000 08:06 2639380                    /usr/lib/x86_64-linux-gnu/libexpat.so.1.6.8
7f50340df000-7f50340f3000 r--p 00025000 08:06 2639380                    /usr/lib/x86_64-linux-gnu/libexpat.so.1.6.8
7f50340f3000-7f50340f4000 ---p 00039000 08:06 2639380                    /usr/lib/x86_64-linux-gnu/libexpat.so.1.6.8
7f50340f4000-7f50340f6000 r--p 00039000 08:06 2639380                    /usr/lib/x86_64-linux-gnu/libexpat.so.1.6.8
7f50340f6000-7f50340f7000 rw-p 0003b000 08:06 2639380                    /usr/lib/x86_64-linux-gnu/libexpat.so.1.6.8
7f50340f7000-7f50340fa000 r--p 00000000 08:06 2641019                    /usr/lib/x86_64-linux-gnu/libxcb-sync.so.1.0.0
7f50340fa000-7f50340fd000 r-xp 00003000 08:06 2641019                    /usr/lib/x86_64-linux-gnu/libxcb-sync.so.1.0.0
7f50340fd000-7f50340fe000 r--p 00006000 08:06 2641019                    /usr/lib/x86_64-linux-gnu/libxcb-sync.so.1.0.0
7f50340fe000-7f50340ff000 ---p 00007000 08:06 2641019                    /usr/lib/x86_64-linux-gnu/libxcb-sync.so.1.0.0
7f50340ff000-7f5034100000 r--p 00007000 08:06 2641019                    /usr/lib/x86_64-linux-gnu/libxcb-sync.so.1.0.0
7f5034100000-7f5034101000 rw-p 00008000 08:06 2641019                    /usr/lib/x86_64-linux-gnu/libxcb-sync.so.1.0.0
7f5034101000-7f5034103000 r-xp 00000000 08:06 2638859                    /usr/lib/x86_64-linux-gnu/libXdamage.so.1.1.0
7f5034103000-7f5034302000 ---p 00002000 08:06 2638859                    /usr/lib/x86_64-linux-gnu/libXdamage.so.1.1.0
7f5034302000-7f5034303000 r--p 00001000 08:06 2638859                    /usr/lib/x86_64-linux-gnu/libXdamage.so.1.1.0
7f5034303000-7f5034304000 rw-p 00002000 08:06 2638859                    /usr/lib/x86_64-linux-gnu/libXdamage.so.1.1.0
7f5034304000-7f503430f000 r--p 00000000 08:06 2640987                    /usr/lib/x86_64-linux-gnu/libxcb-glx.so.0.0.0
7f503430f000-7f5034318000 r-xp 0000b000 08:06 2640987                    /usr/lib/x86_64-linux-gnu/libxcb-glx.so.0.0.0
7f5034318000-7f503431d000 r--p 00014000 08:06 2640987                    /usr/lib/x86_64-linux-gnu/libxcb-glx.so.0.0.0
7f503431d000-7f503431e000 ---p 00019000 08:06 2640987                    /usr/lib/x86_64-linux-gnu/libxcb-glx.so.0.0.0
7f503431e000-7f5034320000 r--p 00019000 08:06 2640987                    /usr/lib/x86_64-linux-gnu/libxcb-glx.so.0.0.0
7f5034320000-7f5034321000 rw-p 0001b000 08:06 2640987                    /usr/lib/x86_64-linux-gnu/libxcb-glx.so.0.0.0
7f5034321000-7f503433a000 r--p 00000000 08:06 2638587                    /usr/lib/x86_64-linux-gnu/libGLX_mesa.so.0.0.0
7f503433a000-7f5034380000 r-xp 00019000 08:06 2638587                    /usr/lib/x86_64-linux-gnu/libGLX_mesa.so.0.0.0
7f5034380000-7f5034398000 r--p 0005f000 08:06 2638587                    /usr/lib/x86_64-linux-gnu/libGLX_mesa.so.0.0.0
7f5034398000-7f503439b000 r--p 00076000 08:06 2638587                    /usr/lib/x86_64-linux-gnu/libGLX_mesa.so.0.0.0
7f503439b000-7f503439c000 rw-p 00079000 08:06 2638587                    /usr/lib/x86_64-linux-gnu/libGLX_mesa.so.0.0.0
7f503439c000-7f503439d000 rw-p 00000000 00:00 0 
7f503439d000-7f50343dd000 r--p 00000000 08:06 2638590                    /usr/lib/x86_64-linux-gnu/libGLdispatch.so.0.0.0
7f50343dd000-7f50343fc000 r-xp 00040000 08:06 2638590                    /usr/lib/x86_64-linux-gnu/libGLdispatch.so.0.0.0
7f50343fc000-7f503440f000 r--p 0005f000 08:06 2638590                    /usr/lib/x86_64-linux-gnu/libGLdispatch.so.0.0.0
7f503440f000-7f5034410000 ---p 00072000 08:06 2638590                    /usr/lib/x86_64-linux-gnu/libGLdispatch.so.0.0.0
7f5034410000-7f5034439000 r--p 00072000 08:06 2638590                    /usr/lib/x86_64-linux-gnu/libGLdispatch.so.0.0.0
7f5034439000-7f503443a000 rw-p 0009b000 08:06 2638590                    /usr/lib/x86_64-linux-gnu/libGLdispatch.so.0.0.0
7f503443a000-7f503445a000 rw-p 00000000 00:00 0 
7f503445a000-7f503449d000 r--p 00000000 08:06 2638571                    /usr/lib/x86_64-linux-gnu/libGL.so.1.7.0
7f503449d000-7f50344bc000 r-xp 00043000 08:06 2638571                    /usr/lib/x86_64-linux-gnu/libGL.so.1.7.0
7f50344bc000-7f50344d1000 r--p 00062000 08:06 2638571                    /usr/lib/x86_64-linux-gnu/libGL.so.1.7.0
7f50344d1000-7f50344d2000 ---p 00077000 08:06 2638571                    /usr/lib/x86_64-linux-gnu/libGL.so.1.7.0
7f50344d2000-7f50344ec000 r--p 00077000 08:06 2638571                    /usr/lib/x86_64-linux-gnu/libGL.so.1.7.0
7f50344ec000-7f50344ed000 rw-p 00091000 08:06 2638571                    /usr/lib/x86_64-linux-gnu/libGL.so.1.7.0
7f50344ed000-7f50344ee000 rw-p 00000000 00:00 0 
7f50344ee000-7f5034562000 rw-p 00000000 00:00 0 
7f5034562000-7f5034563000 r--p 00000000 08:06 2640997                    /usr/lib/x86_64-linux-gnu/libxcb-present.so.0.0.0
7f5034563000-7f5034564000 r-xp 00001000 08:06 2640997                    /usr/lib/x86_64-linux-gnu/libxcb-present.so.0.0.0
7f5034564000-7f5034565000 r--p 00002000 08:06 2640997                    /usr/lib/x86_64-linux-gnu/libxcb-present.so.0.0.0
7f5034565000-7f5034566000 r--p 00002000 08:06 2640997                    /usr/lib/x86_64-linux-gnu/libxcb-present.so.0.0.0
7f5034566000-7f5034567000 rw-p 00003000 08:06 2640997                    /usr/lib/x86_64-linux-gnu/libxcb-present.so.0.0.0
7f5034567000-7f5034569000 r--p 00000000 08:06 2640983                    /usr/lib/x86_64-linux-gnu/libxcb-dri3.so.0.0.0
7f5034569000-7f503456a000 r-xp 00002000 08:06 2640983                    /usr/lib/x86_64-linux-gnu/libxcb-dri3.so.0.0.0
7f503456a000-7f503456b000 r--p 00003000 08:06 2640983                    /usr/lib/x86_64-linux-gnu/libxcb-dri3.so.0.0.0
7f503456b000-7f503456c000 r--p 00003000 08:06 2640983                    /usr/lib/x86_64-linux-gnu/libxcb-dri3.so.0.0.0
7f503456c000-7f503456d000 rw-p 00004000 08:06 2640983                    /usr/lib/x86_64-linux-gnu/libxcb-dri3.so.0.0.0
7f503456d000-7f503456f000 r--p 00000000 08:06 2640979                    /usr/lib/x86_64-linux-gnu/libxcb-dri2.so.0.0.0
7f503456f000-7f5034571000 r-xp 00002000 08:06 2640979                    /usr/lib/x86_64-linux-gnu/libxcb-dri2.so.0.0.0
7f5034571000-7f5034572000 r--p 00004000 08:06 2640979                    /usr/lib/x86_64-linux-gnu/libxcb-dri2.so.0.0.0
7f5034572000-7f5034573000 r--p 00004000 08:06 2640979                    /usr/lib/x86_64-linux-gnu/libxcb-dri2.so.0.0.0
7f5034573000-7f5034574000 rw-p 00005000 08:06 2640979                    /usr/lib/x86_64-linux-gnu/libxcb-dri2.so.0.0.0
7f5034574000-7f5034578000 r--p 00000000 08:06 2639294                    /usr/lib/x86_64-linux-gnu/libdrm.so.2.4.0
7f5034578000-7f5034581000 r-xp 00004000 08:06 2639294                    /usr/lib/x86_64-linux-gnu/libdrm.so.2.4.0
7f5034581000-7f5034584000 r--p 0000d000 08:06 2639294                    /usr/lib/x86_64-linux-gnu/libdrm.so.2.4.0
7f5034584000-7f5034585000 ---p 00010000 08:06 2639294                    /usr/lib/x86_64-linux-gnu/libdrm.so.2.4.0
7f5034585000-7f5034586000 r--p 00010000 08:06 2639294                    /usr/lib/x86_64-linux-gnu/libdrm.so.2.4.0
7f5034586000-7f5034587000 rw-p 00011000 08:06 2639294                    /usr/lib/x86_64-linux-gnu/libdrm.so.2.4.0
7f5034587000-7f5034592000 r--p 00000000 08:06 2639575                    /usr/lib/x86_64-linux-gnu/libglapi.so.0.0.0
7f5034592000-7f503459e000 r-xp 0000b000 08:06 2639575                    /usr/lib/x86_64-linux-gnu/libglapi.so.0.0.0
7f503459e000-7f50345b4000 r--p 00017000 08:06 2639575                    /usr/lib/x86_64-linux-gnu/libglapi.so.0.0.0
7f50345b4000-7f50345b5000 ---p 0002d000 08:06 2639575                    /usr/lib/x86_64-linux-gnu/libglapi.so.0.0.0
7f50345b5000-7f50345b9000 r--p 0002d000 08:06 2639575                    /usr/lib/x86_64-linux-gnu/libglapi.so.0.0.0
7f50345b9000-7f50345ba000 rw-p 00031000 08:06 2639575                    /usr/lib/x86_64-linux-gnu/libglapi.so.0.0.0
7f50345ba000-7f50345bb000 rw-p 00000000 00:00 0 
7f50345bb000-7f50345be000 r--p 00000000 08:06 2638584                    /usr/lib/x86_64-linux-gnu/libGLX.so.0.0.0
7f50345be000-7f50345c9000 r-xp 00003000 08:06 2638584                    /usr/lib/x86_64-linux-gnu/libGLX.so.0.0.0
7f50345c9000-7f50345cc000 r--p 0000e000 08:06 2638584                    /usr/lib/x86_64-linux-gnu/libGLX.so.0.0.0
7f50345cc000-7f50345cd000 ---p 00011000 08:06 2638584                    /usr/lib/x86_64-linux-gnu/libGLX.so.0.0.0
7f50345cd000-7f50345ce000 r--p 00011000 08:06 2638584                    /usr/lib/x86_64-linux-gnu/libGLX.so.0.0.0
7f50345ce000-7f50345cf000 rw-p 00012000 08:06 2638584                    /usr/lib/x86_64-linux-gnu/libGLX.so.0.0.0
7f50345cf000-7f50345ef000 rw-p 00000000 00:00 0 
7f50345ef000-7f50345f4000 r-xp 00000000 08:06 2638871                    /usr/lib/x86_64-linux-gnu/libXfixes.so.3.1.0
7f50345f4000-7f50347f3000 ---p 00005000 08:06 2638871                    /usr/lib/x86_64-linux-gnu/libXfixes.so.3.1.0
7f50347f3000-7f50347f4000 r--p 00004000 08:06 2638871                    /usr/lib/x86_64-linux-gnu/libXfixes.so.3.1.0
7f50347f4000-7f50347f5000 rw-p 00005000 08:06 2638871                    /usr/lib/x86_64-linux-gnu/libXfixes.so.3.1.0
7f50347f5000-7f50347fe000 r-xp 00000000 08:06 2638892                    /usr/lib/x86_64-linux-gnu/libXrender.so.1.3.0
7f50347fe000-7f50349fd000 ---p 00009000 08:06 2638892                    /usr/lib/x86_64-linux-gnu/libXrender.so.1.3.0
7f50349fd000-7f50349fe000 r--p 00008000 08:06 2638892                    /usr/lib/x86_64-linux-gnu/libXrender.so.1.3.0
7f50349fe000-7f50349ff000 rw-p 00009000 08:06 2638892                    /usr/lib/x86_64-linux-gnu/libXrender.so.1.3.0
7f50349ff000-7f5034a09000 r-xp 00000000 08:06 2638890                    /usr/lib/x86_64-linux-gnu/libXrandr.so.2.2.0
7f5034a09000-7f5034c08000 ---p 0000a000 08:06 2638890                    /usr/lib/x86_64-linux-gnu/libXrandr.so.2.2.0
7f5034c08000-7f5034c09000 r--p 00009000 08:06 2638890                    /usr/lib/x86_64-linux-gnu/libXrandr.so.2.2.0
7f5034c09000-7f5034c0a000 rw-p 0000a000 08:06 2638890                    /usr/lib/x86_64-linux-gnu/libXrandr.so.2.2.0
7f5034c0a000-7f5034c19000 r-xp 00000000 08:06 2638877                    /usr/lib/x86_64-linux-gnu/libXi.so.6.1.0
7f5034c19000-7f5034e18000 ---p 0000f000 08:06 2638877                    /usr/lib/x86_64-linux-gnu/libXi.so.6.1.0
7f5034e18000-7f5034e19000 r--p 0000e000 08:06 2638877                    /usr/lib/x86_64-linux-gnu/libXi.so.6.1.0
7f5034e19000-7f5034e1a000 rw-p 0000f000 08:06 2638877                    /usr/lib/x86_64-linux-gnu/libXi.so.6.1.0
7f5034e1a000-7f5034e2b000 r-xp 00000000 08:06 2638867                    /usr/lib/x86_64-linux-gnu/libXext.so.6.4.0
7f5034e2b000-7f503502a000 ---p 00011000 08:06 2638867                    /usr/lib/x86_64-linux-gnu/libXext.so.6.4.0
7f503502a000-7f503502b000 r--p 00010000 08:06 2638867                    /usr/lib/x86_64-linux-gnu/libXext.so.6.4.0
7f503502b000-7f503502c000 rw-p 00011000 08:06 2638867                    /usr/lib/x86_64-linux-gnu/libXext.so.6.4.0
7f503502c000-7f5035031000 r-xp 00000000 08:06 2638912                    /usr/lib/x86_64-linux-gnu/libXxf86vm.so.1.0.0
7f5035031000-7f5035230000 ---p 00005000 08:06 2638912                    /usr/lib/x86_64-linux-gnu/libXxf86vm.so.1.0.0
7f5035230000-7f5035231000 r--p 00004000 08:06 2638912                    /usr/lib/x86_64-linux-gnu/libXxf86vm.so.1.0.0
7f5035231000-7f5035232000 rw-p 00005000 08:06 2638912                    /usr/lib/x86_64-linux-gnu/libXxf86vm.so.1.0.0
7f5035232000-7f5035236000 ---p 00000000 00:00 0 
7f5035236000-7f5035333000 rw-p 00000000 00:00 0 
7f5035333000-7f5035348000 r-xp 00000000 08:06 2639099                    /usr/lib/x86_64-linux-gnu/libbsd.so.0.9.1
7f5035348000-7f5035547000 ---p 00015000 08:06 2639099                    /usr/lib/x86_64-linux-gnu/libbsd.so.0.9.1
7f5035547000-7f5035548000 r--p 00014000 08:06 2639099                    /usr/lib/x86_64-linux-gnu/libbsd.so.0.9.1
7f5035548000-7f5035549000 rw-p 00015000 08:06 2639099                    /usr/lib/x86_64-linux-gnu/libbsd.so.0.9.1
7f5035549000-7f503554a000 rw-p 00000000 00:00 0 
7f503554a000-7f503554f000 r-xp 00000000 08:06 2638863                    /usr/lib/x86_64-linux-gnu/libXdmcp.so.6.0.0
7f503554f000-7f503574e000 ---p 00005000 08:06 2638863                    /usr/lib/x86_64-linux-gnu/libXdmcp.so.6.0.0
7f503574e000-7f503574f000 r--p 00004000 08:06 2638863                    /usr/lib/x86_64-linux-gnu/libXdmcp.so.6.0.0
7f503574f000-7f5035750000 rw-p 00005000 08:06 2638863                    /usr/lib/x86_64-linux-gnu/libXdmcp.so.6.0.0
7f5035750000-7f5035752000 r-xp 00000000 08:06 2638848                    /usr/lib/x86_64-linux-gnu/libXau.so.6.0.0
7f5035752000-7f5035952000 ---p 00002000 08:06 2638848                    /usr/lib/x86_64-linux-gnu/libXau.so.6.0.0
7f5035952000-7f5035953000 r--p 00002000 08:06 2638848                    /usr/lib/x86_64-linux-gnu/libXau.so.6.0.0
7f5035953000-7f5035954000 rw-p 00003000 08:06 2638848                    /usr/lib/x86_64-linux-gnu/libXau.so.6.0.0
7f5035954000-7f5035960000 r--p 00000000 08:06 2641037                    /usr/lib/x86_64-linux-gnu/libxcb.so.1.1.0
7f5035960000-7f5035973000 r-xp 0000c000 08:06 2641037                    /usr/lib/x86_64-linux-gnu/libxcb.so.1.1.0
7f5035973000-7f503597c000 r--p 0001f000 08:06 2641037                    /usr/lib/x86_64-linux-gnu/libxcb.so.1.1.0
7f503597c000-7f503597d000 r--p 00027000 08:06 2641037                    /usr/lib/x86_64-linux-gnu/libxcb.so.1.1.0
7f503597d000-7f503597e000 rw-p 00028000 08:06 2641037                    /usr/lib/x86_64-linux-gnu/libxcb.so.1.1.0
7f503597e000-7f503599a000 r--p 00000000 08:06 2638842                    /usr/lib/x86_64-linux-gnu/libX11.so.6.3.0
7f503599a000-7f5035a24000 r-xp 0001c000 08:06 2638842                    /usr/lib/x86_64-linux-gnu/libX11.so.6.3.0
7f5035a24000-7f5035ab8000 r--p 000a6000 08:06 2638842                    /usr/lib/x86_64-linux-gnu/libX11.so.6.3.0
7f5035ab8000-7f5035ab9000 ---p 0013a000 08:06 2638842                    /usr/lib/x86_64-linux-gnu/libX11.so.6.3.0
7f5035ab9000-7f5035aba000 r--p 0013a000 08:06 2638842                    /usr/lib/x86_64-linux-gnu/libX11.so.6.3.0
7f5035aba000-7f5035abf000 rw-p 0013b000 08:06 2638842                    /usr/lib/x86_64-linux-gnu/libX11.so.6.3.0
7f5035ac0000-7f5035aca000 rw-s 00000000 00:17 1337610                    /i915 (deleted)
7f5035aca000-7f5035ace000 rw-s 00000000 00:17 1337602                    /i915 (deleted)
7f5035ace000-7f5035ad6000 rw-s 00000000 00:17 1337600                    /i915 (deleted)
7f5035ad6000-7f5035ae0000 rw-s 00000000 00:17 1337599                    /i915 (deleted)
7f5035ae0000-7f5035b22000 r-xp 00000000 08:08 2916                       /media/cyking/Devopps/MyProjects/JavaGameDevelopment/VoyceEngine/dependancies/lwjgl-glfw/libglfw.so
7f5035b22000-7f5035d21000 ---p 00042000 08:08 2916                       /media/cyking/Devopps/MyProjects/JavaGameDevelopment/VoyceEngine/dependancies/lwjgl-glfw/libglfw.so
7f5035d21000-7f5035d22000 r--p 00041000 08:08 2916                       /media/cyking/Devopps/MyProjects/JavaGameDevelopment/VoyceEngine/dependancies/lwjgl-glfw/libglfw.so
7f5035d22000-7f5035d24000 rw-p 00042000 08:08 2916                       /media/cyking/Devopps/MyProjects/JavaGameDevelopment/VoyceEngine/dependancies/lwjgl-glfw/libglfw.so
7f5035d24000-7f5035d45000 rw-p 00000000 00:00 0 
7f5035d45000-7f5035da2000 r-xp 00000000 08:08 8096                       /media/cyking/Devopps/MyProjects/JavaGameDevelopment/VoyceEngine/dependancies/lwjgl/liblwjgl.so
7f5035da2000-7f5035fa1000 ---p 0005d000 08:08 8096                       /media/cyking/Devopps/MyProjects/JavaGameDevelopment/VoyceEngine/dependancies/lwjgl/liblwjgl.so
7f5035fa1000-7f5035fa2000 r--p 0005c000 08:08 8096                       /media/cyking/Devopps/MyProjects/JavaGameDevelopment/VoyceEngine/dependancies/lwjgl/liblwjgl.so
7f5035fa2000-7f5035fa3000 rw-p 0005d000 08:08 8096                       /media/cyking/Devopps/MyProjects/JavaGameDevelopment/VoyceEngine/dependancies/lwjgl/liblwjgl.so
7f5035fa3000-7f5035fd4000 rw-p 00000000 00:00 0 
7f5035fd4000-7f5035fd8000 r--p 00000000 08:06 133856                     /usr/lib/jvm/java-11-openjdk-amd64/lib/libnet.so
7f5035fd8000-7f5035fe7000 r-xp 00004000 08:06 133856                     /usr/lib/jvm/java-11-openjdk-amd64/lib/libnet.so
7f5035fe7000-7f5035feb000 r--p 00013000 08:06 133856                     /usr/lib/jvm/java-11-openjdk-amd64/lib/libnet.so
7f5035feb000-7f5035fec000 r--p 00016000 08:06 133856                     /usr/lib/jvm/java-11-openjdk-amd64/lib/libnet.so
7f5035fec000-7f5035fed000 rw-p 00017000 08:06 133856                     /usr/lib/jvm/java-11-openjdk-amd64/lib/libnet.so
7f5035fed000-7f5035ff4000 r--p 00000000 08:06 133857                     /usr/lib/jvm/java-11-openjdk-amd64/lib/libnio.so
7f5035ff4000-7f5035ffb000 r-xp 00007000 08:06 133857                     /usr/lib/jvm/java-11-openjdk-amd64/lib/libnio.so
7f5035ffb000-7f5035ffe000 r--p 0000e000 08:06 133857                     /usr/lib/jvm/java-11-openjdk-amd64/lib/libnio.so
7f5035ffe000-7f5035fff000 r--p 00010000 08:06 133857                     /usr/lib/jvm/java-11-openjdk-amd64/lib/libnio.so
7f5035fff000-7f5036000000 rw-p 00011000 08:06 133857                     /usr/lib/jvm/java-11-openjdk-amd64/lib/libnio.so
7f5036000000-7f5038000000 rw-p 00000000 00:00 0 
7f5038000000-7f5038021000 rw-p 00000000 00:00 0 
7f5038021000-7f503c000000 ---p 00000000 00:00 0 
7f503c000000-7f503c021000 rw-p 00000000 00:00 0 
7f503c021000-7f5040000000 ---p 00000000 00:00 0 
7f5040000000-7f5040021000 rw-p 00000000 00:00 0 
7f5040021000-7f5044000000 ---p 00000000 00:00 0 
7f5044000000-7f5044001000 rw-s 00000000 00:05 1337604                    /memfd:xshmfence (deleted)
7f5044001000-7f5044002000 rwxp 00000000 00:00 0 
7f5044002000-7f5044003000 r--p 00000000 08:06 2638838                    /usr/lib/x86_64-linux-gnu/libX11-xcb.so.1.0.0
7f5044003000-7f5044004000 r-xp 00001000 08:06 2638838                    /usr/lib/x86_64-linux-gnu/libX11-xcb.so.1.0.0
7f5044004000-7f5044005000 r--p 00002000 08:06 2638838                    /usr/lib/x86_64-linux-gnu/libX11-xcb.so.1.0.0
7f5044005000-7f5044006000 r--p 00002000 08:06 2638838                    /usr/lib/x86_64-linux-gnu/libX11-xcb.so.1.0.0
7f5044006000-7f5044007000 rw-p 00003000 08:06 2638838                    /usr/lib/x86_64-linux-gnu/libX11-xcb.so.1.0.0
7f5044007000-7f504400b000 ---p 00000000 00:00 0 
7f504400b000-7f5044108000 rw-p 00000000 00:00 0 
7f5044108000-7f5044109000 ---p 00000000 00:00 0 
7f5044109000-7f504420a000 rw-p 00000000 00:00 0 
7f504420a000-7f504420e000 ---p 00000000 00:00 0 
7f504420e000-7f504430b000 rw-p 00000000 00:00 0 
7f504430b000-7f504430f000 ---p 00000000 00:00 0 
7f504430f000-7f504440c000 rw-p 00000000 00:00 0 
7f504440c000-7f5044410000 ---p 00000000 00:00 0 
7f5044410000-7f504450d000 rw-p 00000000 00:00 0 
7f504450d000-7f5044511000 ---p 00000000 00:00 0 
7f5044511000-7f504460e000 rw-p 00000000 00:00 0 
7f504460e000-7f5044612000 ---p 00000000 00:00 0 
7f5044612000-7f504470f000 rw-p 00000000 00:00 0 
7f504470f000-7f5044987000 r--p 00000000 08:06 526131                     /usr/lib/locale/aa_DJ.utf8/LC_COLLATE
7f5044987000-7f5044bf7000 rwxp 00000000 00:00 0 
7f5044bf7000-7f5044f17000 ---p 00000000 00:00 0 
7f5044f17000-7f5045187000 rwxp 00000000 00:00 0 
7f5045187000-7f504c44f000 ---p 00000000 00:00 0 
7f504c44f000-7f504c6bf000 rwxp 00000000 00:00 0 
7f504c6bf000-7f5053987000 ---p 00000000 00:00 0 
7f5053987000-7f505c000000 r--s 00000000 08:06 133867                     /usr/lib/jvm/java-11-openjdk-amd64/lib/modules
7f505c000000-7f505c474000 rw-p 00000000 00:00 0 
7f505c474000-7f5060000000 ---p 00000000 00:00 0 
7f5060000000-7f5060001000 r--p 00000000 08:06 2638879                    /usr/lib/x86_64-linux-gnu/libXinerama.so.1.0.0
7f5060001000-7f5060002000 r-xp 00001000 08:06 2638879                    /usr/lib/x86_64-linux-gnu/libXinerama.so.1.0.0
7f5060002000-7f5060003000 r--p 00002000 08:06 2638879                    /usr/lib/x86_64-linux-gnu/libXinerama.so.1.0.0
7f5060003000-7f5060004000 r--p 00002000 08:06 2638879                    /usr/lib/x86_64-linux-gnu/libXinerama.so.1.0.0
7f5060004000-7f5060005000 rw-p 00003000 08:06 2638879                    /usr/lib/x86_64-linux-gnu/libXinerama.so.1.0.0
7f5060005000-7f5060008000 r--p 00000000 08:06 2638855                    /usr/lib/x86_64-linux-gnu/libXcursor.so.1.0.2
7f5060008000-7f506000e000 r-xp 00003000 08:06 2638855                    /usr/lib/x86_64-linux-gnu/libXcursor.so.1.0.2
7f506000e000-7f5060010000 r--p 00009000 08:06 2638855                    /usr/lib/x86_64-linux-gnu/libXcursor.so.1.0.2
7f5060010000-7f5060011000 r--p 0000a000 08:06 2638855                    /usr/lib/x86_64-linux-gnu/libXcursor.so.1.0.2
7f5060011000-7f5060012000 rw-p 0000b000 08:06 2638855                    /usr/lib/x86_64-linux-gnu/libXcursor.so.1.0.2
7f5060012000-7f5060065000 r--p 00000000 08:06 526132                     /usr/lib/locale/aa_DJ.utf8/LC_CTYPE
7f5060065000-7f5060066000 r--p 00000000 08:06 526161                     /usr/lib/locale/aa_ET/LC_NUMERIC
7f5060066000-7f5060067000 r--p 00000000 08:06 527326                     /usr/lib/locale/en_US.utf8/LC_TIME
7f5060067000-7f506006e000 r--s 00000000 08:06 2637433                    /usr/lib/x86_64-linux-gnu/gconv/gconv-modules.cache
7f506006e000-7f5060072000 ---p 00000000 00:00 0 
7f5060072000-7f506016f000 rw-p 00000000 00:00 0 
7f506016f000-7f5060173000 ---p 00000000 00:00 0 
7f5060173000-7f5060270000 rw-p 00000000 00:00 0 
7f5060270000-7f5060271000 ---p 00000000 00:00 0 
7f5060271000-7f5060476000 rw-p 00000000 00:00 0 
7f5060476000-7f5060976000 rw-p 00000000 00:00 0 
7f5060976000-7f5060c76000 ---p 00000000 00:00 0 
7f5060c76000-7f5060cb8000 rw-p 00000000 00:00 0 
7f5060cb8000-7f5060cb9000 ---p 00000000 00:00 0 
7f5060cb9000-7f5060dba000 rw-p 00000000 00:00 0 
7f5060dba000-7f5060dbb000 ---p 00000000 00:00 0 
7f5060dbb000-7f50612c0000 rw-p 00000000 00:00 0 
7f50612c0000-7f50612c1000 ---p 00000000 00:00 0 
7f50612c1000-7f50613c2000 rw-p 00000000 00:00 0 
7f50613c2000-7f50613c3000 ---p 00000000 00:00 0 
7f50613c3000-7f50614c4000 rw-p 00000000 00:00 0 
7f50614c4000-7f50615d4000 rw-p 00000000 00:00 0 
7f50615d4000-7f50623cc000 ---p 00000000 00:00 0 
7f50623cc000-7f50624bc000 rw-p 00000000 00:00 0 
7f50624bc000-7f50632b4000 ---p 00000000 00:00 0 
7f50632b4000-7f50632d2000 rw-p 00000000 00:00 0 
7f50632d2000-7f5063491000 ---p 00000000 00:00 0 
7f5063491000-7f50634af000 rw-p 00000000 00:00 0 
7f50634af000-7f506366e000 ---p 00000000 00:00 0 
7f506366e000-7f506368c000 rw-p 00000000 00:00 0 
7f506368c000-7f506384b000 ---p 00000000 00:00 0 
7f506384b000-7f5063c4f000 rw-p 00000000 00:00 0 
7f5063c4f000-7f5063c50000 ---p 00000000 00:00 0 
7f5063c50000-7f5063d51000 rw-p 00000000 00:00 0 
7f5063d51000-7f5063d56000 rw-p 00000000 00:00 0 
7f5063d56000-7f5063e3c000 ---p 00000000 00:00 0 
7f5063e3c000-7f5063e41000 rw-p 00000000 00:00 0 
7f5063e41000-7f5063f27000 ---p 00000000 00:00 0 
7f5063f27000-7f5063f2a000 r--p 00000000 08:06 2640238                    /usr/lib/x86_64-linux-gnu/libnss_files-2.28.so
7f5063f2a000-7f5063f31000 r-xp 00003000 08:06 2640238                    /usr/lib/x86_64-linux-gnu/libnss_files-2.28.so
7f5063f31000-7f5063f34000 r--p 0000a000 08:06 2640238                    /usr/lib/x86_64-linux-gnu/libnss_files-2.28.so
7f5063f34000-7f5063f35000 r--p 0000c000 08:06 2640238                    /usr/lib/x86_64-linux-gnu/libnss_files-2.28.so
7f5063f35000-7f5063f36000 rw-p 0000d000 08:06 2640238                    /usr/lib/x86_64-linux-gnu/libnss_files-2.28.so
7f5063f36000-7f5063f3c000 rw-p 00000000 00:00 0 
7f5063f3c000-7f5063f3d000 r--p 00000000 08:06 526810                     /usr/lib/locale/chr_US/LC_MONETARY
7f5063f3d000-7f5063f3e000 r--p 00000000 08:06 527105                     /usr/lib/locale/en_AG/LC_MESSAGES/SYS_LC_MESSAGES
7f5063f3e000-7f5063f43000 rw-p 00000000 00:00 0 
7f5063f43000-7f5063f4a000 ---p 00000000 00:00 0 
7f5063f4a000-7f5063f4c000 r--p 00000000 08:06 133848                     /usr/lib/jvm/java-11-openjdk-amd64/lib/libjimage.so
7f5063f4c000-7f5063f4f000 r-xp 00002000 08:06 133848                     /usr/lib/jvm/java-11-openjdk-amd64/lib/libjimage.so
7f5063f4f000-7f5063f51000 r--p 00005000 08:06 133848                     /usr/lib/jvm/java-11-openjdk-amd64/lib/libjimage.so
7f5063f51000-7f5063f52000 r--p 00006000 08:06 133848                     /usr/lib/jvm/java-11-openjdk-amd64/lib/libjimage.so
7f5063f52000-7f5063f53000 rw-p 00007000 08:06 133848                     /usr/lib/jvm/java-11-openjdk-amd64/lib/libjimage.so
7f5063f53000-7f5063f55000 r--p 00000000 08:06 133866                     /usr/lib/jvm/java-11-openjdk-amd64/lib/libzip.so
7f5063f55000-7f5063f59000 r-xp 00002000 08:06 133866                     /usr/lib/jvm/java-11-openjdk-amd64/lib/libzip.so
7f5063f59000-7f5063f5b000 r--p 00006000 08:06 133866                     /usr/lib/jvm/java-11-openjdk-amd64/lib/libzip.so
7f5063f5b000-7f5063f5c000 r--p 00007000 08:06 133866                     /usr/lib/jvm/java-11-openjdk-amd64/lib/libzip.so
7f5063f5c000-7f5063f5d000 rw-p 00008000 08:06 133866                     /usr/lib/jvm/java-11-openjdk-amd64/lib/libzip.so
7f5063f5d000-7f5063f6a000 r--p 00000000 08:06 133844                     /usr/lib/jvm/java-11-openjdk-amd64/lib/libjava.so
7f5063f6a000-7f5063f7f000 r-xp 0000d000 08:06 133844                     /usr/lib/jvm/java-11-openjdk-amd64/lib/libjava.so
7f5063f7f000-7f5063f86000 r--p 00022000 08:06 133844                     /usr/lib/jvm/java-11-openjdk-amd64/lib/libjava.so
7f5063f86000-7f5063f87000 r--p 00028000 08:06 133844                     /usr/lib/jvm/java-11-openjdk-amd64/lib/libjava.so
7f5063f87000-7f5063f89000 rw-p 00029000 08:06 133844                     /usr/lib/jvm/java-11-openjdk-amd64/lib/libjava.so
7f5063f89000-7f5063f8b000 r--p 00000000 08:06 2640528                    /usr/lib/x86_64-linux-gnu/librt-2.28.so
7f5063f8b000-7f5063f8f000 r-xp 00002000 08:06 2640528                    /usr/lib/x86_64-linux-gnu/librt-2.28.so
7f5063f8f000-7f5063f91000 r--p 00006000 08:06 2640528                    /usr/lib/x86_64-linux-gnu/librt-2.28.so
7f5063f91000-7f5063f92000 r--p 00007000 08:06 2640528                    /usr/lib/x86_64-linux-gnu/librt-2.28.so
7f5063f92000-7f5063f93000 rw-p 00008000 08:06 2640528                    /usr/lib/x86_64-linux-gnu/librt-2.28.so
7f5063f93000-7f5063f97000 ---p 00000000 00:00 0 
7f5063f97000-7f5064094000 rw-p 00000000 00:00 0 
7f5064094000-7f5064097000 r--p 00000000 08:06 2639510                    /usr/lib/x86_64-linux-gnu/libgcc_s.so.1
7f5064097000-7f50640a8000 r-xp 00003000 08:06 2639510                    /usr/lib/x86_64-linux-gnu/libgcc_s.so.1
7f50640a8000-7f50640ab000 r--p 00014000 08:06 2639510                    /usr/lib/x86_64-linux-gnu/libgcc_s.so.1
7f50640ab000-7f50640ac000 ---p 00017000 08:06 2639510                    /usr/lib/x86_64-linux-gnu/libgcc_s.so.1
7f50640ac000-7f50640ad000 r--p 00017000 08:06 2639510                    /usr/lib/x86_64-linux-gnu/libgcc_s.so.1
7f50640ad000-7f50640ae000 rw-p 00018000 08:06 2639510                    /usr/lib/x86_64-linux-gnu/libgcc_s.so.1
7f50640ae000-7f50640bb000 r--p 00000000 08:06 2640034                    /usr/lib/x86_64-linux-gnu/libm-2.28.so
7f50640bb000-7f506415a000 r-xp 0000d000 08:06 2640034                    /usr/lib/x86_64-linux-gnu/libm-2.28.so
7f506415a000-7f506422f000 r--p 000ac000 08:06 2640034                    /usr/lib/x86_64-linux-gnu/libm-2.28.so
7f506422f000-7f5064230000 r--p 00180000 08:06 2640034                    /usr/lib/x86_64-linux-gnu/libm-2.28.so
7f5064230000-7f5064231000 rw-p 00181000 08:06 2640034                    /usr/lib/x86_64-linux-gnu/libm-2.28.so
7f5064231000-7f50642ba000 r--p 00000000 08:06 2640650                    /usr/lib/x86_64-linux-gnu/libstdc++.so.6.0.25
7f50642ba000-7f5064366000 r-xp 00089000 08:06 2640650                    /usr/lib/x86_64-linux-gnu/libstdc++.so.6.0.25
7f5064366000-7f50643a4000 r--p 00135000 08:06 2640650                    /usr/lib/x86_64-linux-gnu/libstdc++.so.6.0.25
7f50643a4000-7f50643a5000 ---p 00173000 08:06 2640650                    /usr/lib/x86_64-linux-gnu/libstdc++.so.6.0.25
7f50643a5000-7f50643af000 r--p 00173000 08:06 2640650                    /usr/lib/x86_64-linux-gnu/libstdc++.so.6.0.25
7f50643af000-7f50643b1000 rw-p 0017d000 08:06 2640650                    /usr/lib/x86_64-linux-gnu/libstdc++.so.6.0.25
7f50643b1000-7f50643b4000 rw-p 00000000 00:00 0 
7f50643b4000-7f5064621000 r--p 00000000 08:06 396989                     /usr/lib/jvm/java-11-openjdk-amd64/lib/server/libjvm.so
7f5064621000-7f5065144000 r-xp 0026d000 08:06 396989                     /usr/lib/jvm/java-11-openjdk-amd64/lib/server/libjvm.so
7f5065144000-7f506537c000 r--p 00d90000 08:06 396989                     /usr/lib/jvm/java-11-openjdk-amd64/lib/server/libjvm.so
7f506537c000-7f506537d000 ---p 00fc8000 08:06 396989                     /usr/lib/jvm/java-11-openjdk-amd64/lib/server/libjvm.so
7f506537d000-7f506543a000 r--p 00fc8000 08:06 396989                     /usr/lib/jvm/java-11-openjdk-amd64/lib/server/libjvm.so
7f506543a000-7f5065473000 rw-p 01085000 08:06 396989                     /usr/lib/jvm/java-11-openjdk-amd64/lib/server/libjvm.so
7f5065473000-7f50654c9000 rw-p 00000000 00:00 0 
7f50654c9000-7f50654cb000 rw-p 00000000 00:00 0 
7f50654cb000-7f50654ed000 r--p 00000000 08:06 2639103                    /usr/lib/x86_64-linux-gnu/libc-2.28.so
7f50654ed000-7f5065635000 r-xp 00022000 08:06 2639103                    /usr/lib/x86_64-linux-gnu/libc-2.28.so
7f5065635000-7f5065681000 r--p 0016a000 08:06 2639103                    /usr/lib/x86_64-linux-gnu/libc-2.28.so
7f5065681000-7f5065682000 ---p 001b6000 08:06 2639103                    /usr/lib/x86_64-linux-gnu/libc-2.28.so
7f5065682000-7f5065686000 r--p 001b6000 08:06 2639103                    /usr/lib/x86_64-linux-gnu/libc-2.28.so
7f5065686000-7f5065688000 rw-p 001ba000 08:06 2639103                    /usr/lib/x86_64-linux-gnu/libc-2.28.so
7f5065688000-7f506568c000 rw-p 00000000 00:00 0 
7f506568c000-7f506568d000 r--p 00000000 08:06 2639275                    /usr/lib/x86_64-linux-gnu/libdl-2.28.so
7f506568d000-7f506568e000 r-xp 00001000 08:06 2639275                    /usr/lib/x86_64-linux-gnu/libdl-2.28.so
7f506568e000-7f506568f000 r--p 00002000 08:06 2639275                    /usr/lib/x86_64-linux-gnu/libdl-2.28.so
7f506568f000-7f5065690000 r--p 00002000 08:06 2639275                    /usr/lib/x86_64-linux-gnu/libdl-2.28.so
7f5065690000-7f5065691000 rw-p 00003000 08:06 2639275                    /usr/lib/x86_64-linux-gnu/libdl-2.28.so
7f5065691000-7f5065694000 r--p 00000000 08:06 133829                     /usr/lib/jvm/java-11-openjdk-amd64/lib/jli/libjli.so
7f5065694000-7f506569e000 r-xp 00003000 08:06 133829                     /usr/lib/jvm/java-11-openjdk-amd64/lib/jli/libjli.so
7f506569e000-7f50656a1000 r--p 0000d000 08:06 133829                     /usr/lib/jvm/java-11-openjdk-amd64/lib/jli/libjli.so
7f50656a1000-7f50656a2000 r--p 0000f000 08:06 133829                     /usr/lib/jvm/java-11-openjdk-amd64/lib/jli/libjli.so
7f50656a2000-7f50656a3000 rw-p 00010000 08:06 133829                     /usr/lib/jvm/java-11-openjdk-amd64/lib/jli/libjli.so
7f50656a3000-7f50656a9000 r--p 00000000 08:06 2640431                    /usr/lib/x86_64-linux-gnu/libpthread-2.28.so
7f50656a9000-7f50656b8000 r-xp 00006000 08:06 2640431                    /usr/lib/x86_64-linux-gnu/libpthread-2.28.so
7f50656b8000-7f50656be000 r--p 00015000 08:06 2640431                    /usr/lib/x86_64-linux-gnu/libpthread-2.28.so
7f50656be000-7f50656bf000 r--p 0001a000 08:06 2640431                    /usr/lib/x86_64-linux-gnu/libpthread-2.28.so
7f50656bf000-7f50656c0000 rw-p 0001b000 08:06 2640431                    /usr/lib/x86_64-linux-gnu/libpthread-2.28.so
7f50656c0000-7f50656c4000 rw-p 00000000 00:00 0 
7f50656c4000-7f50656e0000 r-xp 00000000 08:06 2641070                    /usr/lib/x86_64-linux-gnu/libz.so.1.2.11
7f50656e0000-7f50658e0000 ---p 0001c000 08:06 2641070                    /usr/lib/x86_64-linux-gnu/libz.so.1.2.11
7f50658e0000-7f50658e1000 r--p 0001c000 08:06 2641070                    /usr/lib/x86_64-linux-gnu/libz.so.1.2.11
7f50658e1000-7f50658e2000 rw-p 0001d000 08:06 2641070                    /usr/lib/x86_64-linux-gnu/libz.so.1.2.11
7f50658e2000-7f50658e4000 rw-p 00000000 00:00 0 
7f50658e4000-7f50658e5000 r--p 00000000 08:06 526811                     /usr/lib/locale/chr_US/LC_PAPER
7f50658e5000-7f50658e6000 r--p 00000000 08:06 526638                     /usr/lib/locale/bi_VU/LC_NAME
7f50658e6000-7f50658e7000 r--p 00000000 08:06 527323                     /usr/lib/locale/en_US.utf8/LC_ADDRESS
7f50658e7000-7f50658e8000 r--p 00000000 08:06 526812                     /usr/lib/locale/chr_US/LC_TELEPHONE
7f50658e8000-7f50658e9000 r--p 00000000 08:06 526807                     /usr/lib/locale/chr_US/LC_MEASUREMENT
7f50658e9000-7f50658ea000 r--p 00000000 08:06 527324                     /usr/lib/locale/en_US.utf8/LC_IDENTIFICATION
7f50658ea000-7f50658f2000 rw-s 00000000 08:06 2291727                    /tmp/hsperfdata_cyking/18051
7f50658f2000-7f50658f3000 ---p 00000000 00:00 0 
7f50658f3000-7f50658f4000 r--p 00000000 00:00 0 
7f50658f4000-7f50658f9000 r--p 00000000 08:06 133865                     /usr/lib/jvm/java-11-openjdk-amd64/lib/libverify.so
7f50658f9000-7f5065900000 r-xp 00005000 08:06 133865                     /usr/lib/jvm/java-11-openjdk-amd64/lib/libverify.so
7f5065900000-7f5065902000 r--p 0000c000 08:06 133865                     /usr/lib/jvm/java-11-openjdk-amd64/lib/libverify.so
7f5065902000-7f5065904000 r--p 0000d000 08:06 133865                     /usr/lib/jvm/java-11-openjdk-amd64/lib/libverify.so
7f5065904000-7f5065905000 rw-p 0000f000 08:06 133865                     /usr/lib/jvm/java-11-openjdk-amd64/lib/libverify.so
7f5065905000-7f5065906000 r--p 00000000 08:06 2638386                    /usr/lib/x86_64-linux-gnu/ld-2.28.so
7f5065906000-7f5065924000 r-xp 00001000 08:06 2638386                    /usr/lib/x86_64-linux-gnu/ld-2.28.so
7f5065924000-7f506592c000 r--p 0001f000 08:06 2638386                    /usr/lib/x86_64-linux-gnu/ld-2.28.so
7f506592c000-7f506592d000 r--p 00026000 08:06 2638386                    /usr/lib/x86_64-linux-gnu/ld-2.28.so
7f506592d000-7f506592e000 rw-p 00027000 08:06 2638386                    /usr/lib/x86_64-linux-gnu/ld-2.28.so
7f506592e000-7f506592f000 rw-p 00000000 00:00 0 
7ffc2e5f4000-7ffc2e615000 rw-p 00000000 00:00 0                          [stack]
7ffc2e6c8000-7ffc2e6cb000 r--p 00000000 00:00 0                          [vvar]
7ffc2e6cb000-7ffc2e6cd000 r-xp 00000000 00:00 0                          [vdso]


VM Arguments:
jvm_args: -Djava.library.path=/media/cyking/Devopps/MyProjects/JavaGameDevelopment/VoyceEngine/dependancies/lwjgl:/media/cyking/Devopps/MyProjects/JavaGameDevelopment/VoyceEngine/dependancies/lwjgl-assimp/lwjgl-assimp-natives-linux:/media/cyking/Devopps/MyProjects/JavaGameDevelopment/VoyceEngine/dependancies/lwjgl-glfw:/media/cyking/Devopps/MyProjects/JavaGameDevelopment/VoyceEngine/dependancies/lwjgl-jawt:/media/cyking/Devopps/MyProjects/JavaGameDevelopment/VoyceEngine/dependancies/lwjgl-opengl:/media/cyking/Devopps/MyProjects/JavaGameDevelopment/VoyceEngine/dependancies/lwjgl-stb:/media/cyking/Devopps/MyProjects/JavaGameDevelopment/VoyceEngine/dependancies/lwjgl-nuklear/lwjgl-nuklear-natives-linux -Dfile.encoding=UTF-8 
java_command: testunits.VoyceSandBox
java_class_path (initial): /media/cyking/Devopps/MyProjects/JavaGameDevelopment/VoyceEngine/bin:/media/cyking/Devopps/MyProjects/JavaGameDevelopment/VoyceEngine/dependancies/lwjgl/lwjgl.jar:/media/cyking/Devopps/MyProjects/JavaGameDevelopment/VoyceEngine/dependancies/lwjgl-assimp/lwjgl-assimp.jar:/media/cyking/Devopps/MyProjects/JavaGameDevelopment/VoyceEngine/dependancies/lwjgl-glfw/lwjgl-glfw.jar:/media/cyking/Devopps/MyProjects/JavaGameDevelopment/VoyceEngine/dependancies/lwjgl-jawt/lwjgl-jawt.jar:/media/cyking/Devopps/MyProjects/JavaGameDevelopment/VoyceEngine/dependancies/lwjgl-opengl/lwjgl-opengl.jar:/media/cyking/Devopps/MyProjects/JavaGameDevelopment/VoyceEngine/dependancies/lwjgl-stb/lwjgl-stb.jar:/media/cyking/Devopps/MyProjects/JavaGameDevelopment/VoyceEngine/dependancies/joml/joml-1.9.9.jar:/media/cyking/Devopps/MyProjects/JavaGameDevelopment/VoyceEngine/dependancies/lwjgl-nuklear/lwjgl-nuklear.jar
Launcher Type: SUN_STANDARD

[Global flags]
     intx CICompilerCount                          = 3                                         {product} {ergonomic}
     uint ConcGCThreads                            = 1                                         {product} {ergonomic}
     uint G1ConcRefinementThreads                  = 4                                         {product} {ergonomic}
   size_t G1HeapRegionSize                         = 1048576                                   {product} {ergonomic}
    uintx GCDrainStackTargetSize                   = 64                                        {product} {ergonomic}
   size_t InitialHeapSize                          = 62914560                                  {product} {ergonomic}
   size_t MarkStackSize                            = 4194304                                   {product} {ergonomic}
   size_t MaxHeapSize                              = 1000341504                                {product} {ergonomic}
   size_t MaxNewSize                               = 599785472                                 {product} {ergonomic}
   size_t MinHeapDeltaBytes                        = 1048576                                   {product} {ergonomic}
    uintx NonNMethodCodeHeapSize                   = 5830092                                {pd product} {ergonomic}
    uintx NonProfiledCodeHeapSize                  = 122914074                              {pd product} {ergonomic}
    uintx ProfiledCodeHeapSize                     = 122914074                              {pd product} {ergonomic}
    uintx ReservedCodeCacheSize                    = 251658240                              {pd product} {ergonomic}
     bool SegmentedCodeCache                       = true                                      {product} {ergonomic}
     bool UseCompressedClassPointers               = true                                 {lp64_product} {ergonomic}
     bool UseCompressedOops                        = true                                 {lp64_product} {ergonomic}
     bool UseG1GC                                  = true                                      {product} {ergonomic}

Logging:
Log output configuration:
 #0: stdout all=warning uptime,level,tags
 #1: stderr all=off uptime,level,tags

Environment Variables:
PATH=/usr/local/sbin:/usr/sbin:/sbin:/usr/local/bin:/usr/bin:/bin:/usr/local/games:/usr/games:/snap/bin
USERNAME=cyking
SHELL=/bin/bash
DISPLAY=:1

Signal Handlers:
SIGSEGV: [libjvm.so+0xd1dde0], sa_mask[0]=11111111011111111101111111111110, sa_flags=SA_RESTART|SA_SIGINFO
SIGBUS: [libjvm.so+0xd1dde0], sa_mask[0]=11111111011111111101111111111110, sa_flags=SA_RESTART|SA_SIGINFO
SIGFPE: [libjvm.so+0xd1dde0], sa_mask[0]=11111111011111111101111111111110, sa_flags=SA_RESTART|SA_SIGINFO
SIGPIPE: [libjvm.so+0xb27450], sa_mask[0]=11111111011111111101111111111110, sa_flags=SA_RESTART|SA_SIGINFO
SIGXFSZ: [libjvm.so+0xb27450], sa_mask[0]=11111111011111111101111111111110, sa_flags=SA_RESTART|SA_SIGINFO
SIGILL: [libjvm.so+0xd1dde0], sa_mask[0]=11111111011111111101111111111110, sa_flags=SA_RESTART|SA_SIGINFO
SIGUSR2: [libjvm.so+0xb272e0], sa_mask[0]=00100000000000000000000000000000, sa_flags=SA_RESTART|SA_SIGINFO
SIGHUP: [libjvm.so+0xb27850], sa_mask[0]=11111111011111111101111111111110, sa_flags=SA_RESTART|SA_SIGINFO
SIGINT: [libjvm.so+0xb27850], sa_mask[0]=11111111011111111101111111111110, sa_flags=SA_RESTART|SA_SIGINFO
SIGTERM: [libjvm.so+0xb27850], sa_mask[0]=11111111011111111101111111111110, sa_flags=SA_RESTART|SA_SIGINFO
SIGQUIT: [libjvm.so+0xb27850], sa_mask[0]=11111111011111111101111111111110, sa_flags=SA_RESTART|SA_SIGINFO


---------------  S Y S T E M  ---------------

OS:DISTRIB_ID=Kali
DISTRIB_RELEASE=kali-rolling
DISTRIB_CODENAME=kali-rolling
DISTRIB_DESCRIPTION="Kali GNU/Linux Rolling"
uname:Linux 4.19.0-kali3-amd64 #1 SMP Debian 4.19.20-1kali1 (2019-02-14) x86_64
libc:glibc 2.28 NPTL 2.28 
rlimit: STACK 8192k, CORE 0k, NPROC 14745, NOFILE 1048576, AS infinity, DATA infinity, FSIZE infinity
load average:1.32 1.57 1.67

/proc/meminfo:
MemTotal:        3903904 kB
MemFree:          141700 kB
MemAvailable:     308436 kB
Buffers:           42176 kB
Cached:           545920 kB
SwapCached:        63180 kB
Active:          2629748 kB
Inactive:         807952 kB
Active(anon):    2402808 kB
Inactive(anon):   695496 kB
Active(file):     226940 kB
Inactive(file):   112456 kB
Unevictable:         160 kB
Mlocked:             160 kB
SwapTotal:       7865340 kB
SwapFree:        5581020 kB
Dirty:               940 kB
Writeback:             0 kB
AnonPages:       2841880 kB
Mapped:           269496 kB
Shmem:            248668 kB
Slab:             174516 kB
SReclaimable:      69580 kB
SUnreclaim:       104936 kB
KernelStack:       14128 kB
PageTables:        51312 kB
NFS_Unstable:          0 kB
Bounce:                0 kB
WritebackTmp:          0 kB
CommitLimit:     9817292 kB
Committed_AS:   13265288 kB
VmallocTotal:   34359738367 kB
VmallocUsed:           0 kB
VmallocChunk:          0 kB
Percpu:             1664 kB
HardwareCorrupted:     0 kB
AnonHugePages:    530432 kB
ShmemHugePages:        0 kB
ShmemPmdMapped:        0 kB
HugePages_Total:       0
HugePages_Free:        0
HugePages_Rsvd:        0
HugePages_Surp:        0
Hugepagesize:       2048 kB
Hugetlb:               0 kB
DirectMap4k:      707356 kB
DirectMap2M:     3350528 kB
DirectMap1G:           0 kB


/proc/sys/kernel/threads-max (system-wide limit on the number of threads):
29491


/proc/sys/vm/max_map_count (maximum number of memory map areas a process may have):
65530


/proc/sys/kernel/pid_max (system-wide limit on number of process identifiers):
32768



container (cgroup) information:
container_type: cgroupv1
cpu_cpuset_cpus: 0-3
cpu_memory_nodes: 0
active_processor_count: 4
cpu_quota: -1
cpu_period: 100000
cpu_shares: -1
memory_limit_in_bytes: -1
memory_and_swap_limit_in_bytes: -2
memory_soft_limit_in_bytes: -1
memory_usage_in_bytes: 3385737216
memory_max_usage_in_bytes: 3468840960


CPU:total 4 (initial active 4) (2 cores per cpu, 2 threads per core) family 6 model 142 stepping 10, cmov, cx8, fxsr, mmx, sse, sse2, sse3, ssse3, sse4.1, sse4.2, popcnt, avx, avx2, aes, clmul, erms, 3dnowpref, lzcnt, ht, tsc, tscinvbit, bmi1, bmi2, adx, fma
CPU Model and flags from /proc/cpuinfo:
model name	: Intel(R) Core(TM) i3-8130U CPU @ 2.20GHz
flags		: fpu vme de pse tsc msr pae mce cx8 apic sep mtrr pge mca cmov pat pse36 clflush dts acpi mmx fxsr sse sse2 ss ht tm pbe syscall nx pdpe1gb rdtscp lm constant_tsc art arch_perfmon pebs bts rep_good nopl xtopology nonstop_tsc cpuid aperfmperf tsc_known_freq pni pclmulqdq dtes64 monitor ds_cpl vmx est tm2 ssse3 sdbg fma cx16 xtpr pdcm pcid sse4_1 sse4_2 x2apic movbe popcnt tsc_deadline_timer aes xsave avx f16c rdrand lahf_lm abm 3dnowprefetch cpuid_fault epb invpcid_single pti ssbd ibrs ibpb stibp tpr_shadow vnmi flexpriority ept vpid ept_ad fsgsbase tsc_adjust bmi1 avx2 smep bmi2 erms invpcid mpx rdseed adx smap clflushopt intel_pt xsaveopt xsavec xgetbv1 xsaves dtherm ida arat pln pts hwp hwp_notify hwp_act_window hwp_epp flush_l1d

Memory: 4k page, physical 3903904k(141700k free), swap 7865340k(5581020k free)

vm_info: OpenJDK 64-Bit Server VM (11.0.2+9-Debian-3) for linux-amd64 JRE (11.0.2+9-Debian-3), built on Jan 24 2019 14:11:52 by "buildd" with gcc 8.2.0

END.
