#
# A fatal error has been detected by the Java Runtime Environment:
#
#  SIGSEGV (0xb) at pc=0x00007f929bb44fed, pid=17949, tid=17955
#
# JRE version: OpenJDK Runtime Environment (11.0.2+9) (build 11.0.2+9-Debian-3)
# Java VM: OpenJDK 64-Bit Server VM (11.0.2+9-Debian-3, mixed mode, sharing, tiered, compressed oops, g1 gc, linux-amd64)
# Problematic frame:
# C  [libglfw.so+0x7fed]  glfwSwapBuffers+0xd
#
# No core dump will be written. Core dumps have been disabled. To enable core dumping, try "ulimit -c unlimited" before starting Java again
#
# If you would like to submit a bug report, please visit:
#   http://bugreport.java.com/bugreport/crash.jsp
# The crash happened outside the Java Virtual Machine in native code.
# See problematic frame for where to report the bug.
#

---------------  S U M M A R Y ------------

Command Line: -agentlib:jdwp=transport=dt_socket,suspend=y,address=localhost:33571 -Djava.library.path=/media/cyking/Devopps/MyProjects/JavaGameDevelopment/VoyceEngine/dependancies/lwjgl:/media/cyking/Devopps/MyProjects/JavaGameDevelopment/VoyceEngine/dependancies/lwjgl-assimp/lwjgl-assimp-natives-linux:/media/cyking/Devopps/MyProjects/JavaGameDevelopment/VoyceEngine/dependancies/lwjgl-glfw:/media/cyking/Devopps/MyProjects/JavaGameDevelopment/VoyceEngine/dependancies/lwjgl-jawt:/media/cyking/Devopps/MyProjects/JavaGameDevelopment/VoyceEngine/dependancies/lwjgl-opengl:/media/cyking/Devopps/MyProjects/JavaGameDevelopment/VoyceEngine/dependancies/lwjgl-stb:/media/cyking/Devopps/MyProjects/JavaGameDevelopment/VoyceEngine/dependancies/lwjgl-nuklear/lwjgl-nuklear-natives-linux -javaagent:/home/cyking/Downloads/eclipse/configuration/org.eclipse.osgi/1235/0/.cp/lib/javaagent-shaded.jar -Dfile.encoding=UTF-8 testunits.VoyceSandBox

Host: Intel(R) Core(TM) i3-8130U CPU @ 2.20GHz, 4 cores, 3G, Kali GNU/Linux Rolling
Time: Fri Sep 13 19:59:56 2019 EAT elapsed time: 17 seconds (0d 0h 0m 17s)

---------------  T H R E A D  ---------------

Current thread (0x00007f9300013000):  JavaThread "main" [_thread_in_native, id=17955, stack(0x00007f93065fb000,0x00007f93066fc000)]

Stack: [0x00007f93065fb000,0x00007f93066fc000],  sp=0x00007f93066fa718,  free space=1021k
Native frames: (J=compiled Java code, A=aot compiled Java code, j=interpreted, Vv=VM code, C=native code)
C  [libglfw.so+0x7fed]  glfwSwapBuffers+0xd
j  org.lwjgl.glfw.GLFW.glfwSwapBuffers(J)V+17
j  window.VoyceWindow.createWindow()V+228
j  window.VoyceWindow.<init>(Ljava/lang/String;II)V+38
j  chasis.BaseEngine.start()V+36
j  testunits.VoyceSandBox.main([Ljava/lang/String;)V+14
v  ~StubRoutines::call_stub
V  [libjvm.so+0x7f7561]
V  [libjvm.so+0x86b42b]
V  [libjvm.so+0x86d628]
C  [libjli.so+0x548e]
C  [libjli.so+0x958d]

Java frames: (J=compiled Java code, j=interpreted, Vv=VM code)
j  org.lwjgl.system.JNI.invokePV(JJ)V+0
j  org.lwjgl.glfw.GLFW.glfwSwapBuffers(J)V+17
j  window.VoyceWindow.createWindow()V+228
j  window.VoyceWindow.<init>(Ljava/lang/String;II)V+38
j  chasis.BaseEngine.start()V+36
j  testunits.VoyceSandBox.main([Ljava/lang/String;)V+14
v  ~StubRoutines::call_stub

siginfo: si_signo: 11 (SIGSEGV), si_code: 1 (SEGV_MAPERR), si_addr: 0x00000000000001f1

Register to memory mapping:

RAX=0x00007f929bd80260: <offset 0x0000000000243260> in /media/cyking/Devopps/MyProjects/JavaGameDevelopment/VoyceEngine/dependancies/lwjgl-glfw/libglfw.so at 0x00007f929bb3d000
RBX={method} {0x00007f92e8692ca0} 'invokePV' '(JJ)V' in 'org/lwjgl/system/JNI'
RCX=0x0000000000000001 is an unknown value
RDX=0x0000000000000001 is an unknown value
RSP=0x00007f93066fa718 is pointing into the stack for thread: 0x00007f9300013000
RBP=0x00007f93066fa788 is pointing into the stack for thread: 0x00007f9300013000
RSI=0x00007f93066fa798 is pointing into the stack for thread: 0x00007f9300013000
RDI=0x0000000000000001 is an unknown value
R8 =0x00007f92e867ecd8 is pointing into metadata
R9 =0x0000000000000002 is an unknown value
R10=0x00007f92e899c288 is at code_begin+1640 in an Interpreter codelet
method entry point (kind = native)  [0x00007f92e899bc20, 0x00007f92e899ccc0]  4256 bytes
R11=0x00000000c7684338 points into unknown readable memory: 01 ed d3 b0 6f 00 00 00
R12=0x0 is NULL
R13={method} {0x00007f92e8692ca0} 'invokePV' '(JJ)V' in 'org/lwjgl/system/JNI'
R14=0x00007f93066fa7c0 is pointing into the stack for thread: 0x00007f9300013000
R15=0x00007f9300013000 is a thread


Registers:
RAX=0x00007f929bd80260, RBX=0x00007f92e8692ca0, RCX=0x0000000000000001, RDX=0x0000000000000001
RSP=0x00007f93066fa718, RBP=0x00007f93066fa788, RSI=0x00007f93066fa798, RDI=0x0000000000000001
R8 =0x00007f92e867ecd8, R9 =0x0000000000000002, R10=0x00007f92e899c288, R11=0x00000000c7684338
R12=0x0000000000000000, R13=0x00007f92e8692ca0, R14=0x00007f93066fa7c0, R15=0x00007f9300013000
RIP=0x00007f929bb44fed, EFLAGS=0x0000000000010202, CSGSFS=0x002b000000000033, ERR=0x0000000000000004
  TRAPNO=0x000000000000000e

Top of Stack: (sp=0x00007f93066fa718)
0x00007f93066fa718:   00007f92e899c2b7 00007f92e867ecd8
0x00007f93066fa728:   00007f9300013000 00007f92e898f490
0x00007f93066fa738:   00007f9300000000 00007f93066fa740
0x00007f93066fa748:   0000000000000000 00007f93066fa7c0 

Instructions: (pc=0x00007f929bb44fed)
0x00007f929bb44fcd:   e8 8e 09 00 00 31 c0 48 83 c4 08 c3 0f 1f 80 00
0x00007f929bb44fdd:   00 00 00 48 8d 05 79 b2 23 00 8b 10 85 d2 74 2b
0x00007f929bb44fed:   8b 87 f0 01 00 00 85 c0 74 09 48 8b 87 40 02 00
0x00007f929bb44ffd:   00 ff e0 48 8d 35 11 68 01 00 bf 0a 00 01 00 31 

Stack slot to memory mapping:
stack at sp + 0 slots: 0x00007f92e899c2b7 is at code_begin+1687 in an Interpreter codelet
method entry point (kind = native)  [0x00007f92e899bc20, 0x00007f92e899ccc0]  4256 bytes
stack at sp + 1 slots: 0x00007f92e867ecd8 is pointing into metadata
stack at sp + 2 slots: 0x00007f9300013000 is a thread
stack at sp + 3 slots: 0x00007f92e898f490 is at code_begin+-112 in 
[CodeBlob (0x00007f92e898f490)]
Framesize: 0
BufferBlob (0x00007f92e898f490) used for Interpreter
stack at sp + 4 slots: 0x00007f9300000000 points into unknown readable memory: 20 00 00 00 93 7f 00 00
stack at sp + 5 slots: 0x00007f93066fa740 is pointing into the stack for thread: 0x00007f9300013000
stack at sp + 6 slots: 0x0 is NULL
stack at sp + 7 slots: 0x00007f93066fa7c0 is pointing into the stack for thread: 0x00007f9300013000


---------------  P R O C E S S  ---------------

Threads class SMR info:
_java_thread_list=0x00007f9294000b60, length=12, elements={
0x00007f9300013000, 0x00007f9300118800, 0x00007f930011a800, 0x00007f9300124800,
0x00007f9300126800, 0x00007f9300128800, 0x00007f930012a800, 0x00007f9300163000,
0x00007f93001a5000, 0x00007f93001a9000, 0x00007f92b0001800, 0x00007f930028e000
}

Java Threads: ( => current thread )
=>0x00007f9300013000 JavaThread "main" [_thread_in_native, id=17955, stack(0x00007f93065fb000,0x00007f93066fc000)]
  0x00007f9300118800 JavaThread "Reference Handler" daemon [_thread_blocked, id=17963, stack(0x00007f92e1017000,0x00007f92e1118000)]
  0x00007f930011a800 JavaThread "Finalizer" daemon [_thread_blocked, id=17964, stack(0x00007f92e0f16000,0x00007f92e1017000)]
  0x00007f9300124800 JavaThread "Signal Dispatcher" daemon [_thread_blocked, id=17965, stack(0x00007f92e0b9d000,0x00007f92e0c9e000)]
  0x00007f9300126800 JavaThread "C2 CompilerThread0" daemon [_thread_blocked, id=17966, stack(0x00007f92e0a9c000,0x00007f92e0b9d000)]
  0x00007f9300128800 JavaThread "C1 CompilerThread0" daemon [_thread_blocked, id=17967, stack(0x00007f92e099b000,0x00007f92e0a9c000)]
  0x00007f930012a800 JavaThread "Sweeper thread" daemon [_thread_blocked, id=17968, stack(0x00007f92e089a000,0x00007f92e099b000)]
  0x00007f9300163000 JavaThread "Common-Cleaner" daemon [_thread_blocked, id=17969, stack(0x00007f92e0799000,0x00007f92e089a000)]
  0x00007f93001a5000 JavaThread "JDWP Transport Listener: dt_socket" daemon [_thread_blocked, id=17971, stack(0x00007f92e0698000,0x00007f92e0799000)]
  0x00007f93001a9000 JavaThread "JDWP Event Helper Thread" daemon [_thread_blocked, id=17973, stack(0x00007f92e0597000,0x00007f92e0698000)]
  0x00007f92b0001800 JavaThread "JDWP Command Reader" daemon [_thread_in_native, id=17975, stack(0x00007f92e0496000,0x00007f92e0597000)]
  0x00007f930028e000 JavaThread "Service Thread" daemon [_thread_blocked, id=17978, stack(0x00007f92e0395000,0x00007f92e0496000)]

Other Threads:
  0x00007f9300115800 VMThread "VM Thread" [stack: 0x00007f92e8087000,0x00007f92e8187000] [id=17962]
  0x00007f9300290800 WatcherThread [stack: 0x00007f92e0295000,0x00007f92e0395000] [id=17979]
  0x00007f9300029000 GCTaskThread "GC Thread#0" [stack: 0x00007f930626f000,0x00007f930636f000] [id=17957]
  0x00007f9300043800 ConcurrentGCThread "G1 Main Marker" [stack: 0x00007f93048ca000,0x00007f93049ca000] [id=17958]
  0x00007f9300045000 ConcurrentGCThread "G1 Conc#0" [stack: 0x00007f93047c8000,0x00007f93048c8000] [id=17959]
  0x00007f9300087000 ConcurrentGCThread "G1 Refine#0" [stack: 0x00007f93042c2000,0x00007f93043c2000] [id=17960]
  0x00007f9300088800 ConcurrentGCThread "G1 Young RemSet Sampling" [stack: 0x00007f93041c0000,0x00007f93042c0000] [id=17961]

Threads with active compile tasks:

VM state:not at safepoint (normal execution)

VM Mutex/Monitor currently owned by a thread: None

Heap address: 0x00000000c4600000, size: 954 MB, Compressed Oops mode: 32-bit
Narrow klass base: 0x0000000800000000, Narrow klass shift: 3
Compressed class space size: 1073741824 Address: 0x0000000840000000

Heap:
 garbage-first heap   total 61440K, used 11264K [0x00000000c4600000, 0x0000000100000000)
  region size 1024K, 12 young (12288K), 0 survivors (0K)
 Metaspace       used 4116K, capacity 5864K, committed 6144K, reserved 1056768K
  class space    used 345K, capacity 509K, committed 512K, reserved 1048576K
Heap Regions: E=young(eden), S=young(survivor), O=old, HS=humongous(starts), HC=humongous(continues), CS=collection set, F=free, A=archive, TAMS=top-at-mark-start (previous, next)
|   0|0x00000000c4600000, 0x00000000c4600000, 0x00000000c4700000|  0%| F|  |TAMS 0x00000000c4600000, 0x00000000c4600000| Untracked 
|   1|0x00000000c4700000, 0x00000000c4700000, 0x00000000c4800000|  0%| F|  |TAMS 0x00000000c4700000, 0x00000000c4700000| Untracked 
|   2|0x00000000c4800000, 0x00000000c4800000, 0x00000000c4900000|  0%| F|  |TAMS 0x00000000c4800000, 0x00000000c4800000| Untracked 
|   3|0x00000000c4900000, 0x00000000c4900000, 0x00000000c4a00000|  0%| F|  |TAMS 0x00000000c4900000, 0x00000000c4900000| Untracked 
|   4|0x00000000c4a00000, 0x00000000c4a00000, 0x00000000c4b00000|  0%| F|  |TAMS 0x00000000c4a00000, 0x00000000c4a00000| Untracked 
|   5|0x00000000c4b00000, 0x00000000c4b00000, 0x00000000c4c00000|  0%| F|  |TAMS 0x00000000c4b00000, 0x00000000c4b00000| Untracked 
|   6|0x00000000c4c00000, 0x00000000c4c00000, 0x00000000c4d00000|  0%| F|  |TAMS 0x00000000c4c00000, 0x00000000c4c00000| Untracked 
|   7|0x00000000c4d00000, 0x00000000c4d00000, 0x00000000c4e00000|  0%| F|  |TAMS 0x00000000c4d00000, 0x00000000c4d00000| Untracked 
|   8|0x00000000c4e00000, 0x00000000c4e00000, 0x00000000c4f00000|  0%| F|  |TAMS 0x00000000c4e00000, 0x00000000c4e00000| Untracked 
|   9|0x00000000c4f00000, 0x00000000c4f00000, 0x00000000c5000000|  0%| F|  |TAMS 0x00000000c4f00000, 0x00000000c4f00000| Untracked 
|  10|0x00000000c5000000, 0x00000000c5000000, 0x00000000c5100000|  0%| F|  |TAMS 0x00000000c5000000, 0x00000000c5000000| Untracked 
|  11|0x00000000c5100000, 0x00000000c5100000, 0x00000000c5200000|  0%| F|  |TAMS 0x00000000c5100000, 0x00000000c5100000| Untracked 
|  12|0x00000000c5200000, 0x00000000c5200000, 0x00000000c5300000|  0%| F|  |TAMS 0x00000000c5200000, 0x00000000c5200000| Untracked 
|  13|0x00000000c5300000, 0x00000000c5300000, 0x00000000c5400000|  0%| F|  |TAMS 0x00000000c5300000, 0x00000000c5300000| Untracked 
|  14|0x00000000c5400000, 0x00000000c5400000, 0x00000000c5500000|  0%| F|  |TAMS 0x00000000c5400000, 0x00000000c5400000| Untracked 
|  15|0x00000000c5500000, 0x00000000c5500000, 0x00000000c5600000|  0%| F|  |TAMS 0x00000000c5500000, 0x00000000c5500000| Untracked 
|  16|0x00000000c5600000, 0x00000000c5600000, 0x00000000c5700000|  0%| F|  |TAMS 0x00000000c5600000, 0x00000000c5600000| Untracked 
|  17|0x00000000c5700000, 0x00000000c5700000, 0x00000000c5800000|  0%| F|  |TAMS 0x00000000c5700000, 0x00000000c5700000| Untracked 
|  18|0x00000000c5800000, 0x00000000c5800000, 0x00000000c5900000|  0%| F|  |TAMS 0x00000000c5800000, 0x00000000c5800000| Untracked 
|  19|0x00000000c5900000, 0x00000000c5900000, 0x00000000c5a00000|  0%| F|  |TAMS 0x00000000c5900000, 0x00000000c5900000| Untracked 
|  20|0x00000000c5a00000, 0x00000000c5a00000, 0x00000000c5b00000|  0%| F|  |TAMS 0x00000000c5a00000, 0x00000000c5a00000| Untracked 
|  21|0x00000000c5b00000, 0x00000000c5b00000, 0x00000000c5c00000|  0%| F|  |TAMS 0x00000000c5b00000, 0x00000000c5b00000| Untracked 
|  22|0x00000000c5c00000, 0x00000000c5c00000, 0x00000000c5d00000|  0%| F|  |TAMS 0x00000000c5c00000, 0x00000000c5c00000| Untracked 
|  23|0x00000000c5d00000, 0x00000000c5d00000, 0x00000000c5e00000|  0%| F|  |TAMS 0x00000000c5d00000, 0x00000000c5d00000| Untracked 
|  24|0x00000000c5e00000, 0x00000000c5e00000, 0x00000000c5f00000|  0%| F|  |TAMS 0x00000000c5e00000, 0x00000000c5e00000| Untracked 
|  25|0x00000000c5f00000, 0x00000000c5f00000, 0x00000000c6000000|  0%| F|  |TAMS 0x00000000c5f00000, 0x00000000c5f00000| Untracked 
|  26|0x00000000c6000000, 0x00000000c6000000, 0x00000000c6100000|  0%| F|  |TAMS 0x00000000c6000000, 0x00000000c6000000| Untracked 
|  27|0x00000000c6100000, 0x00000000c6100000, 0x00000000c6200000|  0%| F|  |TAMS 0x00000000c6100000, 0x00000000c6100000| Untracked 
|  28|0x00000000c6200000, 0x00000000c6200000, 0x00000000c6300000|  0%| F|  |TAMS 0x00000000c6200000, 0x00000000c6200000| Untracked 
|  29|0x00000000c6300000, 0x00000000c6300000, 0x00000000c6400000|  0%| F|  |TAMS 0x00000000c6300000, 0x00000000c6300000| Untracked 
|  30|0x00000000c6400000, 0x00000000c6400000, 0x00000000c6500000|  0%| F|  |TAMS 0x00000000c6400000, 0x00000000c6400000| Untracked 
|  31|0x00000000c6500000, 0x00000000c6500000, 0x00000000c6600000|  0%| F|  |TAMS 0x00000000c6500000, 0x00000000c6500000| Untracked 
|  32|0x00000000c6600000, 0x00000000c6600000, 0x00000000c6700000|  0%| F|  |TAMS 0x00000000c6600000, 0x00000000c6600000| Untracked 
|  33|0x00000000c6700000, 0x00000000c6700000, 0x00000000c6800000|  0%| F|  |TAMS 0x00000000c6700000, 0x00000000c6700000| Untracked 
|  34|0x00000000c6800000, 0x00000000c6800000, 0x00000000c6900000|  0%| F|  |TAMS 0x00000000c6800000, 0x00000000c6800000| Untracked 
|  35|0x00000000c6900000, 0x00000000c6900000, 0x00000000c6a00000|  0%| F|  |TAMS 0x00000000c6900000, 0x00000000c6900000| Untracked 
|  36|0x00000000c6a00000, 0x00000000c6a00000, 0x00000000c6b00000|  0%| F|  |TAMS 0x00000000c6a00000, 0x00000000c6a00000| Untracked 
|  37|0x00000000c6b00000, 0x00000000c6b00000, 0x00000000c6c00000|  0%| F|  |TAMS 0x00000000c6b00000, 0x00000000c6b00000| Untracked 
|  38|0x00000000c6c00000, 0x00000000c6c00000, 0x00000000c6d00000|  0%| F|  |TAMS 0x00000000c6c00000, 0x00000000c6c00000| Untracked 
|  39|0x00000000c6d00000, 0x00000000c6d00000, 0x00000000c6e00000|  0%| F|  |TAMS 0x00000000c6d00000, 0x00000000c6d00000| Untracked 
|  40|0x00000000c6e00000, 0x00000000c6e00000, 0x00000000c6f00000|  0%| F|  |TAMS 0x00000000c6e00000, 0x00000000c6e00000| Untracked 
|  41|0x00000000c6f00000, 0x00000000c6f00000, 0x00000000c7000000|  0%| F|  |TAMS 0x00000000c6f00000, 0x00000000c6f00000| Untracked 
|  42|0x00000000c7000000, 0x00000000c7000000, 0x00000000c7100000|  0%| F|  |TAMS 0x00000000c7000000, 0x00000000c7000000| Untracked 
|  43|0x00000000c7100000, 0x00000000c7100000, 0x00000000c7200000|  0%| F|  |TAMS 0x00000000c7100000, 0x00000000c7100000| Untracked 
|  44|0x00000000c7200000, 0x00000000c7200000, 0x00000000c7300000|  0%| F|  |TAMS 0x00000000c7200000, 0x00000000c7200000| Untracked 
|  45|0x00000000c7300000, 0x00000000c7300000, 0x00000000c7400000|  0%| F|  |TAMS 0x00000000c7300000, 0x00000000c7300000| Untracked 
|  46|0x00000000c7400000, 0x00000000c7400000, 0x00000000c7500000|  0%| F|  |TAMS 0x00000000c7400000, 0x00000000c7400000| Untracked 
|  47|0x00000000c7500000, 0x00000000c7500000, 0x00000000c7600000|  0%| F|  |TAMS 0x00000000c7500000, 0x00000000c7500000| Untracked 
|  48|0x00000000c7600000, 0x00000000c76d79e0, 0x00000000c7700000| 84%| E|  |TAMS 0x00000000c7600000, 0x00000000c7600000| Complete 
|  49|0x00000000c7700000, 0x00000000c7800000, 0x00000000c7800000|100%| E|CS|TAMS 0x00000000c7700000, 0x00000000c7700000| Complete 
|  50|0x00000000c7800000, 0x00000000c7900000, 0x00000000c7900000|100%| E|CS|TAMS 0x00000000c7800000, 0x00000000c7800000| Complete 
|  51|0x00000000c7900000, 0x00000000c7a00000, 0x00000000c7a00000|100%| E|CS|TAMS 0x00000000c7900000, 0x00000000c7900000| Complete 
|  52|0x00000000c7a00000, 0x00000000c7b00000, 0x00000000c7b00000|100%| E|CS|TAMS 0x00000000c7a00000, 0x00000000c7a00000| Complete 
|  53|0x00000000c7b00000, 0x00000000c7c00000, 0x00000000c7c00000|100%| E|CS|TAMS 0x00000000c7b00000, 0x00000000c7b00000| Complete 
|  54|0x00000000c7c00000, 0x00000000c7d00000, 0x00000000c7d00000|100%| E|CS|TAMS 0x00000000c7c00000, 0x00000000c7c00000| Complete 
|  55|0x00000000c7d00000, 0x00000000c7e00000, 0x00000000c7e00000|100%| E|CS|TAMS 0x00000000c7d00000, 0x00000000c7d00000| Complete 
|  56|0x00000000c7e00000, 0x00000000c7f00000, 0x00000000c7f00000|100%| E|CS|TAMS 0x00000000c7e00000, 0x00000000c7e00000| Complete 
|  57|0x00000000c7f00000, 0x00000000c8000000, 0x00000000c8000000|100%| E|CS|TAMS 0x00000000c7f00000, 0x00000000c7f00000| Complete 
|  58|0x00000000c8000000, 0x00000000c8100000, 0x00000000c8100000|100%| E|CS|TAMS 0x00000000c8000000, 0x00000000c8000000| Complete 
|  59|0x00000000c8100000, 0x00000000c8200000, 0x00000000c8200000|100%| E|CS|TAMS 0x00000000c8100000, 0x00000000c8100000| Complete 

Card table byte_map: [0x00007f9305aaf000,0x00007f9305c8c000] _byte_map_base: 0x00007f930548c000

Marking Bits (Prev, Next): (CMBitMap*) 0x00007f930003ed08, (CMBitMap*) 0x00007f930003ed40
 Prev Bits: [0x00007f93049ea000, 0x00007f93058d2000)
 Next Bits: [0x00007f92e3118000, 0x00007f92e4000000)

Polling page: 0x00007f9307f5a000

Metaspace:

Usage:
  Non-class:      5.23 MB capacity,     3.68 MB ( 70%) used,     1.54 MB ( 29%) free+waste,     7.12 KB ( <1%) overhead. 
      Class:    509.00 KB capacity,   345.88 KB ( 68%) used,   159.38 KB ( 31%) free+waste,     3.75 KB ( <1%) overhead. 
       Both:      5.73 MB capacity,     4.02 MB ( 70%) used,     1.70 MB ( 30%) free+waste,    10.88 KB ( <1%) overhead. 

Virtual space:
  Non-class space:        8.00 MB reserved,       5.50 MB ( 69%) committed 
      Class space:        1.00 GB reserved,     512.00 KB ( <1%) committed 
             Both:        1.01 GB reserved,       6.00 MB ( <1%) committed 

Chunk freelists:
   Non-Class:  7.12 KB
       Class:  384 bytes
        Both:  7.50 KB

CodeHeap 'non-profiled nmethods': size=120032Kb used=331Kb max_used=331Kb free=119700Kb
 bounds [0x00007f92f044f000, 0x00007f92f06bf000, 0x00007f92f7987000]
CodeHeap 'profiled nmethods': size=120032Kb used=1190Kb max_used=1190Kb free=118841Kb
 bounds [0x00007f92e8f17000, 0x00007f92e9187000, 0x00007f92f044f000]
CodeHeap 'non-nmethods': size=5696Kb used=1437Kb max_used=1515Kb free=4258Kb
 bounds [0x00007f92e8987000, 0x00007f92e8bf7000, 0x00007f92e8f17000]
 total_blobs=1607 nmethods=616 adapters=755
 compilation: enabled
              stopped_count=0, restarted_count=0
 full_count=0

Compilation events (10 events):
Event: 1.901 Thread 0x00007f92c00fe000 nmethod 571 0x00007f92f0484910 code [0x00007f92f0485180, 0x00007f92f0495980]
Event: 17.575 Thread 0x00007f9300128800  612       3       org.eclipse.jdt.launching.internal.org.objectweb.asm.ByteVector::enlarge (51 bytes)
Event: 17.576 Thread 0x00007f9300128800 nmethod 612 0x00007f92e903f590 code [0x00007f92e903f760, 0x00007f92e903fae8]
Event: 17.578 Thread 0x00007f9300128800  613       3       java.util.zip.InflaterInputStream::ensureOpen (18 bytes)
Event: 17.578 Thread 0x00007f9300128800 nmethod 613 0x00007f92e903fc10 code [0x00007f92e903fde0, 0x00007f92e9040088]
Event: 17.583 Thread 0x00007f9300128800  614       3       jdk.internal.misc.VM::initLevel (4 bytes)
Event: 17.584 Thread 0x00007f9300128800 nmethod 614 0x00007f92e9040190 code [0x00007f92e9040340, 0x00007f92e9040490]
Event: 17.586 Thread 0x00007f9300126800  615       4       java.lang.StringBuilder::append (8 bytes)
Event: 17.588 Thread 0x00007f9300128800  618       3       java.util.ArrayDeque::inc (12 bytes)
Event: 17.588 Thread 0x00007f9300128800 nmethod 618 0x00007f92e9040510 code [0x00007f92e90406c0, 0x00007f92e9040830]

GC Heap History (0 events):
No events

Deoptimization events (2 events):
Event: 0.355 Thread 0x00007f9300013000 Uncommon trap: reason=unstable_if action=reinterpret pc=0x00007f92f045bd94 method=java.util.HashMap.putVal(ILjava/lang/Object;Ljava/lang/Object;ZZ)Ljava/lang/Object; @ 181 c2
Event: 0.679 Thread 0x00007f9300013000 Uncommon trap: reason=unstable_if action=reinterpret pc=0x00007f92f046f740 method=java.lang.String.<init>([CIILjava/lang/Void;)V @ 5 c2

Classes redefined (0 events):
No events

Internal exceptions (4 events):
Event: 0.627 Thread 0x00007f9300013000 Exception <a 'java/lang/NoSuchMethodError'{0x00000000c7af69c0}: java.lang.invoke.DelegatingMethodHandle$Holder.delegate(Ljava/lang/Object;Ljava/lang/Object;ILjava/lang/Object;)V> (0x00000000c7af69c0) thrown at [/build/openjdk-11-5FnAmd/openjdk-11-11.0.2+9
Event: 0.629 Thread 0x00007f9300013000 Exception <a 'java/lang/NoSuchMethodError'{0x00000000c7afdd70}: java.lang.invoke.DirectMethodHandle$Holder.invokeStaticInit(Ljava/lang/Object;Ljava/lang/Object;Ljava/lang/Object;)Ljava/lang/Object;> (0x00000000c7afdd70) thrown at [/build/openjdk-11-5FnAmd
Event: 0.671 Thread 0x00007f9300013000 Exception <a 'sun/nio/fs/UnixException'{0x00000000c79aa6a8}> (0x00000000c79aa6a8) thrown at [/build/openjdk-11-5FnAmd/openjdk-11-11.0.2+9/src/hotspot/share/prims/jni.cpp, line 615]
Event: 0.672 Thread 0x00007f9300013000 Exception <a 'sun/nio/fs/UnixException'{0x00000000c79aba68}> (0x00000000c79aba68) thrown at [/build/openjdk-11-5FnAmd/openjdk-11-11.0.2+9/src/hotspot/share/prims/jni.cpp, line 615]

Events (10 events):
Event: 10.603 Executing VM operation: ChangeBreakpoints
Event: 10.603 Executing VM operation: ChangeBreakpoints done
Event: 17.571 loading class org/lwjgl/glfw/GLFWVidMode
Event: 17.571 loading class org/lwjgl/glfw/GLFWVidMode done
Event: 17.576 loading class org/lwjgl/system/Struct
Event: 17.576 loading class org/lwjgl/system/Struct done
Event: 17.583 loading class org/lwjgl/system/Struct$Member
Event: 17.583 loading class org/lwjgl/system/Struct$Member done
Event: 17.586 loading class org/lwjgl/system/Struct$Layout
Event: 17.586 loading class org/lwjgl/system/Struct$Layout done


Dynamic libraries:
c4600000-c8200000 rw-p 00000000 00:00 0 
c8200000-100000000 ---p 00000000 00:00 0 
800000000-800002000 rwxp 00001000 08:06 396987                           /usr/lib/jvm/java-11-openjdk-amd64/lib/server/classes.jsa
800002000-8010ae000 rw-p 00003000 08:06 396987                           /usr/lib/jvm/java-11-openjdk-amd64/lib/server/classes.jsa
840000000-840080000 rw-p 00000000 00:00 0 
840080000-880000000 ---p 00000000 00:00 0 
55dcf984c000-55dcf984d000 r--p 00000000 08:06 133678                     /usr/lib/jvm/java-11-openjdk-amd64/bin/java
55dcf984d000-55dcf984e000 r-xp 00001000 08:06 133678                     /usr/lib/jvm/java-11-openjdk-amd64/bin/java
55dcf984e000-55dcf984f000 r--p 00002000 08:06 133678                     /usr/lib/jvm/java-11-openjdk-amd64/bin/java
55dcf984f000-55dcf9850000 r--p 00002000 08:06 133678                     /usr/lib/jvm/java-11-openjdk-amd64/bin/java
55dcf9850000-55dcf9851000 rw-p 00003000 08:06 133678                     /usr/lib/jvm/java-11-openjdk-amd64/bin/java
55dcf98ca000-55dcf98eb000 rw-p 00000000 00:00 0                          [heap]
7f9290000000-7f9290021000 rw-p 00000000 00:00 0 
7f9290021000-7f9294000000 ---p 00000000 00:00 0 
7f9294000000-7f9296825000 rw-p 00000000 00:00 0 
7f9296825000-7f9298000000 ---p 00000000 00:00 0 
7f92986ca000-7f92986d4000 rw-s 00000000 00:17 1336523                    /i915 (deleted)
7f92986d4000-7f92986d5000 ---p 00000000 00:00 0 
7f92986d5000-7f9298ed5000 rw-p 00000000 00:00 0 
7f9298ed5000-7f9299016000 rw-s 00000000 08:09 262158                     /home/cyking/.cache/mesa_shader_cache/index
7f9299016000-7f929901e000 r-xp 00000000 08:06 2640349                    /usr/lib/x86_64-linux-gnu/libpciaccess.so.0.11.1
7f929901e000-7f929921e000 ---p 00008000 08:06 2640349                    /usr/lib/x86_64-linux-gnu/libpciaccess.so.0.11.1
7f929921e000-7f929921f000 r--p 00008000 08:06 2640349                    /usr/lib/x86_64-linux-gnu/libpciaccess.so.0.11.1
7f929921f000-7f9299220000 rw-p 00009000 08:06 2640349                    /usr/lib/x86_64-linux-gnu/libpciaccess.so.0.11.1
7f9299220000-7f9299222000 r--p 00000000 08:06 2639306                    /usr/lib/x86_64-linux-gnu/libdrm_radeon.so.1.0.1
7f9299222000-7f929922a000 r-xp 00002000 08:06 2639306                    /usr/lib/x86_64-linux-gnu/libdrm_radeon.so.1.0.1
7f929922a000-7f929922c000 r--p 0000a000 08:06 2639306                    /usr/lib/x86_64-linux-gnu/libdrm_radeon.so.1.0.1
7f929922c000-7f929922d000 r--p 0000b000 08:06 2639306                    /usr/lib/x86_64-linux-gnu/libdrm_radeon.so.1.0.1
7f929922d000-7f929922e000 rw-p 0000c000 08:06 2639306                    /usr/lib/x86_64-linux-gnu/libdrm_radeon.so.1.0.1
7f929922e000-7f9299231000 r--p 00000000 08:06 2639300                    /usr/lib/x86_64-linux-gnu/libdrm_intel.so.1.0.0
7f9299231000-7f9299247000 r-xp 00003000 08:06 2639300                    /usr/lib/x86_64-linux-gnu/libdrm_intel.so.1.0.0
7f9299247000-7f9299251000 r--p 00019000 08:06 2639300                    /usr/lib/x86_64-linux-gnu/libdrm_intel.so.1.0.0
7f9299251000-7f9299252000 r--p 00022000 08:06 2639300                    /usr/lib/x86_64-linux-gnu/libdrm_intel.so.1.0.0
7f9299252000-7f9299253000 rw-p 00023000 08:06 2639300                    /usr/lib/x86_64-linux-gnu/libdrm_intel.so.1.0.0
7f9299253000-7f92992c1000 r--p 00000000 08:06 2636658                    /usr/lib/x86_64-linux-gnu/dri/i965_dri.so
7f92992c1000-7f9299a2c000 r-xp 0006e000 08:06 2636658                    /usr/lib/x86_64-linux-gnu/dri/i965_dri.so
7f9299a2c000-7f9299c46000 r--p 007d9000 08:06 2636658                    /usr/lib/x86_64-linux-gnu/dri/i965_dri.so
7f9299c46000-7f9299c47000 ---p 009f3000 08:06 2636658                    /usr/lib/x86_64-linux-gnu/dri/i965_dri.so
7f9299c47000-7f9299cac000 r--p 009f3000 08:06 2636658                    /usr/lib/x86_64-linux-gnu/dri/i965_dri.so
7f9299cac000-7f9299cb8000 rw-p 00a58000 08:06 2636658                    /usr/lib/x86_64-linux-gnu/dri/i965_dri.so
7f9299cb8000-7f9299d6a000 rw-p 00000000 00:00 0 
7f929a2ca000-7f929a2ce000 r--p 00000000 08:06 2639380                    /usr/lib/x86_64-linux-gnu/libexpat.so.1.6.8
7f929a2ce000-7f929a2ef000 r-xp 00004000 08:06 2639380                    /usr/lib/x86_64-linux-gnu/libexpat.so.1.6.8
7f929a2ef000-7f929a303000 r--p 00025000 08:06 2639380                    /usr/lib/x86_64-linux-gnu/libexpat.so.1.6.8
7f929a303000-7f929a304000 ---p 00039000 08:06 2639380                    /usr/lib/x86_64-linux-gnu/libexpat.so.1.6.8
7f929a304000-7f929a306000 r--p 00039000 08:06 2639380                    /usr/lib/x86_64-linux-gnu/libexpat.so.1.6.8
7f929a306000-7f929a307000 rw-p 0003b000 08:06 2639380                    /usr/lib/x86_64-linux-gnu/libexpat.so.1.6.8
7f929a307000-7f929a308000 r-xp 00000000 08:06 2641054                    /usr/lib/x86_64-linux-gnu/libxshmfence.so.1.0.0
7f929a308000-7f929a507000 ---p 00001000 08:06 2641054                    /usr/lib/x86_64-linux-gnu/libxshmfence.so.1.0.0
7f929a507000-7f929a508000 r--p 00000000 08:06 2641054                    /usr/lib/x86_64-linux-gnu/libxshmfence.so.1.0.0
7f929a508000-7f929a509000 rw-p 00001000 08:06 2641054                    /usr/lib/x86_64-linux-gnu/libxshmfence.so.1.0.0
7f929a509000-7f929a50b000 r-xp 00000000 08:06 2638859                    /usr/lib/x86_64-linux-gnu/libXdamage.so.1.1.0
7f929a50b000-7f929a70a000 ---p 00002000 08:06 2638859                    /usr/lib/x86_64-linux-gnu/libXdamage.so.1.1.0
7f929a70a000-7f929a70b000 r--p 00001000 08:06 2638859                    /usr/lib/x86_64-linux-gnu/libXdamage.so.1.1.0
7f929a70b000-7f929a70c000 rw-p 00002000 08:06 2638859                    /usr/lib/x86_64-linux-gnu/libXdamage.so.1.1.0
7f929a70c000-7f929a725000 r--p 00000000 08:06 2638587                    /usr/lib/x86_64-linux-gnu/libGLX_mesa.so.0.0.0
7f929a725000-7f929a76b000 r-xp 00019000 08:06 2638587                    /usr/lib/x86_64-linux-gnu/libGLX_mesa.so.0.0.0
7f929a76b000-7f929a783000 r--p 0005f000 08:06 2638587                    /usr/lib/x86_64-linux-gnu/libGLX_mesa.so.0.0.0
7f929a783000-7f929a786000 r--p 00076000 08:06 2638587                    /usr/lib/x86_64-linux-gnu/libGLX_mesa.so.0.0.0
7f929a786000-7f929a787000 rw-p 00079000 08:06 2638587                    /usr/lib/x86_64-linux-gnu/libGLX_mesa.so.0.0.0
7f929a787000-7f929a788000 rw-p 00000000 00:00 0 
7f929a788000-7f929a7c8000 r--p 00000000 08:06 2638590                    /usr/lib/x86_64-linux-gnu/libGLdispatch.so.0.0.0
7f929a7c8000-7f929a7e7000 r-xp 00040000 08:06 2638590                    /usr/lib/x86_64-linux-gnu/libGLdispatch.so.0.0.0
7f929a7e7000-7f929a7fa000 r--p 0005f000 08:06 2638590                    /usr/lib/x86_64-linux-gnu/libGLdispatch.so.0.0.0
7f929a7fa000-7f929a7fb000 ---p 00072000 08:06 2638590                    /usr/lib/x86_64-linux-gnu/libGLdispatch.so.0.0.0
7f929a7fb000-7f929a824000 r--p 00072000 08:06 2638590                    /usr/lib/x86_64-linux-gnu/libGLdispatch.so.0.0.0
7f929a824000-7f929a825000 rw-p 0009b000 08:06 2638590                    /usr/lib/x86_64-linux-gnu/libGLdispatch.so.0.0.0
7f929a825000-7f929a845000 rw-p 00000000 00:00 0 
7f929a845000-7f929a888000 r--p 00000000 08:06 2638571                    /usr/lib/x86_64-linux-gnu/libGL.so.1.7.0
7f929a888000-7f929a8a7000 r-xp 00043000 08:06 2638571                    /usr/lib/x86_64-linux-gnu/libGL.so.1.7.0
7f929a8a7000-7f929a8bc000 r--p 00062000 08:06 2638571                    /usr/lib/x86_64-linux-gnu/libGL.so.1.7.0
7f929a8bc000-7f929a8bd000 ---p 00077000 08:06 2638571                    /usr/lib/x86_64-linux-gnu/libGL.so.1.7.0
7f929a8bd000-7f929a8d7000 r--p 00077000 08:06 2638571                    /usr/lib/x86_64-linux-gnu/libGL.so.1.7.0
7f929a8d7000-7f929a8d8000 rw-p 00091000 08:06 2638571                    /usr/lib/x86_64-linux-gnu/libGL.so.1.7.0
7f929a8d8000-7f929a8d9000 rw-p 00000000 00:00 0 
7f929a8d9000-7f929a8de000 r-xp 00000000 08:06 2638871                    /usr/lib/x86_64-linux-gnu/libXfixes.so.3.1.0
7f929a8de000-7f929aadd000 ---p 00005000 08:06 2638871                    /usr/lib/x86_64-linux-gnu/libXfixes.so.3.1.0
7f929aadd000-7f929aade000 r--p 00004000 08:06 2638871                    /usr/lib/x86_64-linux-gnu/libXfixes.so.3.1.0
7f929aade000-7f929aadf000 rw-p 00005000 08:06 2638871                    /usr/lib/x86_64-linux-gnu/libXfixes.so.3.1.0
7f929aadf000-7f929aae8000 r-xp 00000000 08:06 2638892                    /usr/lib/x86_64-linux-gnu/libXrender.so.1.3.0
7f929aae8000-7f929ace7000 ---p 00009000 08:06 2638892                    /usr/lib/x86_64-linux-gnu/libXrender.so.1.3.0
7f929ace7000-7f929ace8000 r--p 00008000 08:06 2638892                    /usr/lib/x86_64-linux-gnu/libXrender.so.1.3.0
7f929ace8000-7f929ace9000 rw-p 00009000 08:06 2638892                    /usr/lib/x86_64-linux-gnu/libXrender.so.1.3.0
7f929ace9000-7f929acf3000 r-xp 00000000 08:06 2638890                    /usr/lib/x86_64-linux-gnu/libXrandr.so.2.2.0
7f929acf3000-7f929aef2000 ---p 0000a000 08:06 2638890                    /usr/lib/x86_64-linux-gnu/libXrandr.so.2.2.0
7f929aef2000-7f929aef3000 r--p 00009000 08:06 2638890                    /usr/lib/x86_64-linux-gnu/libXrandr.so.2.2.0
7f929aef3000-7f929aef4000 rw-p 0000a000 08:06 2638890                    /usr/lib/x86_64-linux-gnu/libXrandr.so.2.2.0
7f929aef4000-7f929af03000 r-xp 00000000 08:06 2638877                    /usr/lib/x86_64-linux-gnu/libXi.so.6.1.0
7f929af03000-7f929b102000 ---p 0000f000 08:06 2638877                    /usr/lib/x86_64-linux-gnu/libXi.so.6.1.0
7f929b102000-7f929b103000 r--p 0000e000 08:06 2638877                    /usr/lib/x86_64-linux-gnu/libXi.so.6.1.0
7f929b103000-7f929b104000 rw-p 0000f000 08:06 2638877                    /usr/lib/x86_64-linux-gnu/libXi.so.6.1.0
7f929b104000-7f929b115000 r-xp 00000000 08:06 2638867                    /usr/lib/x86_64-linux-gnu/libXext.so.6.4.0
7f929b115000-7f929b314000 ---p 00011000 08:06 2638867                    /usr/lib/x86_64-linux-gnu/libXext.so.6.4.0
7f929b314000-7f929b315000 r--p 00010000 08:06 2638867                    /usr/lib/x86_64-linux-gnu/libXext.so.6.4.0
7f929b315000-7f929b316000 rw-p 00011000 08:06 2638867                    /usr/lib/x86_64-linux-gnu/libXext.so.6.4.0
7f929b316000-7f929b31b000 r-xp 00000000 08:06 2638912                    /usr/lib/x86_64-linux-gnu/libXxf86vm.so.1.0.0
7f929b31b000-7f929b51a000 ---p 00005000 08:06 2638912                    /usr/lib/x86_64-linux-gnu/libXxf86vm.so.1.0.0
7f929b51a000-7f929b51b000 r--p 00004000 08:06 2638912                    /usr/lib/x86_64-linux-gnu/libXxf86vm.so.1.0.0
7f929b51b000-7f929b51c000 rw-p 00005000 08:06 2638912                    /usr/lib/x86_64-linux-gnu/libXxf86vm.so.1.0.0
7f929b51c000-7f929b531000 r-xp 00000000 08:06 2639099                    /usr/lib/x86_64-linux-gnu/libbsd.so.0.9.1
7f929b531000-7f929b730000 ---p 00015000 08:06 2639099                    /usr/lib/x86_64-linux-gnu/libbsd.so.0.9.1
7f929b730000-7f929b731000 r--p 00014000 08:06 2639099                    /usr/lib/x86_64-linux-gnu/libbsd.so.0.9.1
7f929b731000-7f929b732000 rw-p 00015000 08:06 2639099                    /usr/lib/x86_64-linux-gnu/libbsd.so.0.9.1
7f929b732000-7f929b733000 rw-p 00000000 00:00 0 
7f929b733000-7f929b738000 r-xp 00000000 08:06 2638863                    /usr/lib/x86_64-linux-gnu/libXdmcp.so.6.0.0
7f929b738000-7f929b937000 ---p 00005000 08:06 2638863                    /usr/lib/x86_64-linux-gnu/libXdmcp.so.6.0.0
7f929b937000-7f929b938000 r--p 00004000 08:06 2638863                    /usr/lib/x86_64-linux-gnu/libXdmcp.so.6.0.0
7f929b938000-7f929b939000 rw-p 00005000 08:06 2638863                    /usr/lib/x86_64-linux-gnu/libXdmcp.so.6.0.0
7f929b939000-7f929b93b000 r-xp 00000000 08:06 2638848                    /usr/lib/x86_64-linux-gnu/libXau.so.6.0.0
7f929b93b000-7f929bb3b000 ---p 00002000 08:06 2638848                    /usr/lib/x86_64-linux-gnu/libXau.so.6.0.0
7f929bb3b000-7f929bb3c000 r--p 00002000 08:06 2638848                    /usr/lib/x86_64-linux-gnu/libXau.so.6.0.0
7f929bb3c000-7f929bb3d000 rw-p 00003000 08:06 2638848                    /usr/lib/x86_64-linux-gnu/libXau.so.6.0.0
7f929bb3d000-7f929bb7f000 r-xp 00000000 08:08 2916                       /media/cyking/Devopps/MyProjects/JavaGameDevelopment/VoyceEngine/dependancies/lwjgl-glfw/libglfw.so
7f929bb7f000-7f929bd7e000 ---p 00042000 08:08 2916                       /media/cyking/Devopps/MyProjects/JavaGameDevelopment/VoyceEngine/dependancies/lwjgl-glfw/libglfw.so
7f929bd7e000-7f929bd7f000 r--p 00041000 08:08 2916                       /media/cyking/Devopps/MyProjects/JavaGameDevelopment/VoyceEngine/dependancies/lwjgl-glfw/libglfw.so
7f929bd7f000-7f929bd81000 rw-p 00042000 08:08 2916                       /media/cyking/Devopps/MyProjects/JavaGameDevelopment/VoyceEngine/dependancies/lwjgl-glfw/libglfw.so
7f929bd81000-7f929bda2000 rw-p 00000000 00:00 0 
7f929bda2000-7f929bdff000 r-xp 00000000 08:08 8096                       /media/cyking/Devopps/MyProjects/JavaGameDevelopment/VoyceEngine/dependancies/lwjgl/liblwjgl.so
7f929bdff000-7f929bffe000 ---p 0005d000 08:08 8096                       /media/cyking/Devopps/MyProjects/JavaGameDevelopment/VoyceEngine/dependancies/lwjgl/liblwjgl.so
7f929bffe000-7f929bfff000 r--p 0005c000 08:08 8096                       /media/cyking/Devopps/MyProjects/JavaGameDevelopment/VoyceEngine/dependancies/lwjgl/liblwjgl.so
7f929bfff000-7f929c000000 rw-p 0005d000 08:08 8096                       /media/cyking/Devopps/MyProjects/JavaGameDevelopment/VoyceEngine/dependancies/lwjgl/liblwjgl.so
7f929c000000-7f929c021000 rw-p 00000000 00:00 0 
7f929c021000-7f92a0000000 ---p 00000000 00:00 0 
7f92a0000000-7f92a0021000 rw-p 00000000 00:00 0 
7f92a0021000-7f92a4000000 ---p 00000000 00:00 0 
7f92a4000000-7f92a4021000 rw-p 00000000 00:00 0 
7f92a4021000-7f92a8000000 ---p 00000000 00:00 0 
7f92a8000000-7f92a8021000 rw-p 00000000 00:00 0 
7f92a8021000-7f92ac000000 ---p 00000000 00:00 0 
7f92ac000000-7f92ac021000 rw-p 00000000 00:00 0 
7f92ac021000-7f92b0000000 ---p 00000000 00:00 0 
7f92b0000000-7f92b0021000 rw-p 00000000 00:00 0 
7f92b0021000-7f92b4000000 ---p 00000000 00:00 0 
7f92b4000000-7f92b44c4000 rw-p 00000000 00:00 0 
7f92b44c4000-7f92b8000000 ---p 00000000 00:00 0 
7f92b8000000-7f92b8021000 rw-p 00000000 00:00 0 
7f92b8021000-7f92bc000000 ---p 00000000 00:00 0 
7f92bc000000-7f92bc021000 rw-p 00000000 00:00 0 
7f92bc021000-7f92c0000000 ---p 00000000 00:00 0 
7f92c0000000-7f92c06f2000 rw-p 00000000 00:00 0 
7f92c06f2000-7f92c4000000 ---p 00000000 00:00 0 
7f92c4000000-7f92c4021000 rw-p 00000000 00:00 0 
7f92c4021000-7f92c8000000 ---p 00000000 00:00 0 
7f92c8000000-7f92c8021000 rw-p 00000000 00:00 0 
7f92c8021000-7f92cc000000 ---p 00000000 00:00 0 
7f92cc000000-7f92cc021000 rw-p 00000000 00:00 0 
7f92cc021000-7f92d0000000 ---p 00000000 00:00 0 
7f92d0000000-7f92d0021000 rw-p 00000000 00:00 0 
7f92d0021000-7f92d4000000 ---p 00000000 00:00 0 
7f92d4000000-7f92d4021000 rw-p 00000000 00:00 0 
7f92d4021000-7f92d8000000 ---p 00000000 00:00 0 
7f92d8000000-7f92d8021000 rw-p 00000000 00:00 0 
7f92d8021000-7f92dc000000 ---p 00000000 00:00 0 
7f92dc000000-7f92dc021000 rw-p 00000000 00:00 0 
7f92dc021000-7f92e0000000 ---p 00000000 00:00 0 
7f92e0001000-7f92e0003000 r--p 00000000 08:06 2639303                    /usr/lib/x86_64-linux-gnu/libdrm_nouveau.so.2.0.0
7f92e0003000-7f92e0008000 r-xp 00002000 08:06 2639303                    /usr/lib/x86_64-linux-gnu/libdrm_nouveau.so.2.0.0
7f92e0008000-7f92e000a000 r--p 00007000 08:06 2639303                    /usr/lib/x86_64-linux-gnu/libdrm_nouveau.so.2.0.0
7f92e000a000-7f92e000b000 r--p 00008000 08:06 2639303                    /usr/lib/x86_64-linux-gnu/libdrm_nouveau.so.2.0.0
7f92e000b000-7f92e000c000 rw-p 00009000 08:06 2639303                    /usr/lib/x86_64-linux-gnu/libdrm_nouveau.so.2.0.0
7f92e000c000-7f92e000f000 r--p 00000000 08:06 2641019                    /usr/lib/x86_64-linux-gnu/libxcb-sync.so.1.0.0
7f92e000f000-7f92e0012000 r-xp 00003000 08:06 2641019                    /usr/lib/x86_64-linux-gnu/libxcb-sync.so.1.0.0
7f92e0012000-7f92e0013000 r--p 00006000 08:06 2641019                    /usr/lib/x86_64-linux-gnu/libxcb-sync.so.1.0.0
7f92e0013000-7f92e0014000 ---p 00007000 08:06 2641019                    /usr/lib/x86_64-linux-gnu/libxcb-sync.so.1.0.0
7f92e0014000-7f92e0015000 r--p 00007000 08:06 2641019                    /usr/lib/x86_64-linux-gnu/libxcb-sync.so.1.0.0
7f92e0015000-7f92e0016000 rw-p 00008000 08:06 2641019                    /usr/lib/x86_64-linux-gnu/libxcb-sync.so.1.0.0
7f92e0016000-7f92e0017000 r--p 00000000 08:06 2640997                    /usr/lib/x86_64-linux-gnu/libxcb-present.so.0.0.0
7f92e0017000-7f92e0018000 r-xp 00001000 08:06 2640997                    /usr/lib/x86_64-linux-gnu/libxcb-present.so.0.0.0
7f92e0018000-7f92e0019000 r--p 00002000 08:06 2640997                    /usr/lib/x86_64-linux-gnu/libxcb-present.so.0.0.0
7f92e0019000-7f92e001a000 r--p 00002000 08:06 2640997                    /usr/lib/x86_64-linux-gnu/libxcb-present.so.0.0.0
7f92e001a000-7f92e001b000 rw-p 00003000 08:06 2640997                    /usr/lib/x86_64-linux-gnu/libxcb-present.so.0.0.0
7f92e001b000-7f92e001d000 r--p 00000000 08:06 2640983                    /usr/lib/x86_64-linux-gnu/libxcb-dri3.so.0.0.0
7f92e001d000-7f92e001e000 r-xp 00002000 08:06 2640983                    /usr/lib/x86_64-linux-gnu/libxcb-dri3.so.0.0.0
7f92e001e000-7f92e001f000 r--p 00003000 08:06 2640983                    /usr/lib/x86_64-linux-gnu/libxcb-dri3.so.0.0.0
7f92e001f000-7f92e0020000 r--p 00003000 08:06 2640983                    /usr/lib/x86_64-linux-gnu/libxcb-dri3.so.0.0.0
7f92e0020000-7f92e0021000 rw-p 00004000 08:06 2640983                    /usr/lib/x86_64-linux-gnu/libxcb-dri3.so.0.0.0
7f92e0021000-7f92e002c000 r--p 00000000 08:06 2640987                    /usr/lib/x86_64-linux-gnu/libxcb-glx.so.0.0.0
7f92e002c000-7f92e0035000 r-xp 0000b000 08:06 2640987                    /usr/lib/x86_64-linux-gnu/libxcb-glx.so.0.0.0
7f92e0035000-7f92e003a000 r--p 00014000 08:06 2640987                    /usr/lib/x86_64-linux-gnu/libxcb-glx.so.0.0.0
7f92e003a000-7f92e003b000 ---p 00019000 08:06 2640987                    /usr/lib/x86_64-linux-gnu/libxcb-glx.so.0.0.0
7f92e003b000-7f92e003d000 r--p 00019000 08:06 2640987                    /usr/lib/x86_64-linux-gnu/libxcb-glx.so.0.0.0
7f92e003d000-7f92e003e000 rw-p 0001b000 08:06 2640987                    /usr/lib/x86_64-linux-gnu/libxcb-glx.so.0.0.0
7f92e003e000-7f92e0042000 r--p 00000000 08:06 2639294                    /usr/lib/x86_64-linux-gnu/libdrm.so.2.4.0
7f92e0042000-7f92e004b000 r-xp 00004000 08:06 2639294                    /usr/lib/x86_64-linux-gnu/libdrm.so.2.4.0
7f92e004b000-7f92e004e000 r--p 0000d000 08:06 2639294                    /usr/lib/x86_64-linux-gnu/libdrm.so.2.4.0
7f92e004e000-7f92e004f000 ---p 00010000 08:06 2639294                    /usr/lib/x86_64-linux-gnu/libdrm.so.2.4.0
7f92e004f000-7f92e0050000 r--p 00010000 08:06 2639294                    /usr/lib/x86_64-linux-gnu/libdrm.so.2.4.0
7f92e0050000-7f92e0051000 rw-p 00011000 08:06 2639294                    /usr/lib/x86_64-linux-gnu/libdrm.so.2.4.0
7f92e0051000-7f92e006d000 r--p 00000000 08:06 2638842                    /usr/lib/x86_64-linux-gnu/libX11.so.6.3.0
7f92e006d000-7f92e00f7000 r-xp 0001c000 08:06 2638842                    /usr/lib/x86_64-linux-gnu/libX11.so.6.3.0
7f92e00f7000-7f92e018b000 r--p 000a6000 08:06 2638842                    /usr/lib/x86_64-linux-gnu/libX11.so.6.3.0
7f92e018b000-7f92e018c000 ---p 0013a000 08:06 2638842                    /usr/lib/x86_64-linux-gnu/libX11.so.6.3.0
7f92e018c000-7f92e018d000 r--p 0013a000 08:06 2638842                    /usr/lib/x86_64-linux-gnu/libX11.so.6.3.0
7f92e018d000-7f92e0192000 rw-p 0013b000 08:06 2638842                    /usr/lib/x86_64-linux-gnu/libX11.so.6.3.0
7f92e0192000-7f92e0196000 ---p 00000000 00:00 0 
7f92e0196000-7f92e0293000 rw-p 00000000 00:00 0 
7f92e0293000-7f92e0294000 ---p 00000000 00:00 0 
7f92e0294000-7f92e0395000 rw-p 00000000 00:00 0 
7f92e0395000-7f92e0399000 ---p 00000000 00:00 0 
7f92e0399000-7f92e0496000 rw-p 00000000 00:00 0 
7f92e0496000-7f92e049a000 ---p 00000000 00:00 0 
7f92e049a000-7f92e0597000 rw-p 00000000 00:00 0 
7f92e0597000-7f92e059b000 ---p 00000000 00:00 0 
7f92e059b000-7f92e0698000 rw-p 00000000 00:00 0 
7f92e0698000-7f92e069c000 ---p 00000000 00:00 0 
7f92e069c000-7f92e0799000 rw-p 00000000 00:00 0 
7f92e0799000-7f92e079d000 ---p 00000000 00:00 0 
7f92e079d000-7f92e089a000 rw-p 00000000 00:00 0 
7f92e089a000-7f92e089e000 ---p 00000000 00:00 0 
7f92e089e000-7f92e099b000 rw-p 00000000 00:00 0 
7f92e099b000-7f92e099f000 ---p 00000000 00:00 0 
7f92e099f000-7f92e0a9c000 rw-p 00000000 00:00 0 
7f92e0a9c000-7f92e0aa0000 ---p 00000000 00:00 0 
7f92e0aa0000-7f92e0b9d000 rw-p 00000000 00:00 0 
7f92e0b9d000-7f92e0ba1000 ---p 00000000 00:00 0 
7f92e0ba1000-7f92e0c9e000 rw-p 00000000 00:00 0 
7f92e0c9e000-7f92e0f16000 r--p 00000000 08:06 526131                     /usr/lib/locale/aa_DJ.utf8/LC_COLLATE
7f92e0f16000-7f92e0f1a000 ---p 00000000 00:00 0 
7f92e0f1a000-7f92e1017000 rw-p 00000000 00:00 0 
7f92e1017000-7f92e101b000 ---p 00000000 00:00 0 
7f92e101b000-7f92e1118000 rw-p 00000000 00:00 0 
7f92e1118000-7f92e3208000 rw-p 00000000 00:00 0 
7f92e3208000-7f92e4000000 ---p 00000000 00:00 0 
7f92e4000000-7f92e4021000 rw-p 00000000 00:00 0 
7f92e4021000-7f92e8000000 ---p 00000000 00:00 0 
7f92e8004000-7f92e8006000 r--p 00000000 08:06 2640979                    /usr/lib/x86_64-linux-gnu/libxcb-dri2.so.0.0.0
7f92e8006000-7f92e8008000 r-xp 00002000 08:06 2640979                    /usr/lib/x86_64-linux-gnu/libxcb-dri2.so.0.0.0
7f92e8008000-7f92e8009000 r--p 00004000 08:06 2640979                    /usr/lib/x86_64-linux-gnu/libxcb-dri2.so.0.0.0
7f92e8009000-7f92e800a000 r--p 00004000 08:06 2640979                    /usr/lib/x86_64-linux-gnu/libxcb-dri2.so.0.0.0
7f92e800a000-7f92e800b000 rw-p 00005000 08:06 2640979                    /usr/lib/x86_64-linux-gnu/libxcb-dri2.so.0.0.0
7f92e800b000-7f92e8016000 r--p 00000000 08:06 2639575                    /usr/lib/x86_64-linux-gnu/libglapi.so.0.0.0
7f92e8016000-7f92e8022000 r-xp 0000b000 08:06 2639575                    /usr/lib/x86_64-linux-gnu/libglapi.so.0.0.0
7f92e8022000-7f92e8038000 r--p 00017000 08:06 2639575                    /usr/lib/x86_64-linux-gnu/libglapi.so.0.0.0
7f92e8038000-7f92e8039000 ---p 0002d000 08:06 2639575                    /usr/lib/x86_64-linux-gnu/libglapi.so.0.0.0
7f92e8039000-7f92e803d000 r--p 0002d000 08:06 2639575                    /usr/lib/x86_64-linux-gnu/libglapi.so.0.0.0
7f92e803d000-7f92e803e000 rw-p 00031000 08:06 2639575                    /usr/lib/x86_64-linux-gnu/libglapi.so.0.0.0
7f92e803e000-7f92e803f000 rw-p 00000000 00:00 0 
7f92e803f000-7f92e8042000 r--p 00000000 08:06 2638584                    /usr/lib/x86_64-linux-gnu/libGLX.so.0.0.0
7f92e8042000-7f92e804d000 r-xp 00003000 08:06 2638584                    /usr/lib/x86_64-linux-gnu/libGLX.so.0.0.0
7f92e804d000-7f92e8050000 r--p 0000e000 08:06 2638584                    /usr/lib/x86_64-linux-gnu/libGLX.so.0.0.0
7f92e8050000-7f92e8051000 ---p 00011000 08:06 2638584                    /usr/lib/x86_64-linux-gnu/libGLX.so.0.0.0
7f92e8051000-7f92e8052000 r--p 00011000 08:06 2638584                    /usr/lib/x86_64-linux-gnu/libGLX.so.0.0.0
7f92e8052000-7f92e8053000 rw-p 00012000 08:06 2638584                    /usr/lib/x86_64-linux-gnu/libGLX.so.0.0.0
7f92e8053000-7f92e8073000 rw-p 00000000 00:00 0 
7f92e8073000-7f92e8074000 r--p 00000000 08:06 2638838                    /usr/lib/x86_64-linux-gnu/libX11-xcb.so.1.0.0
7f92e8074000-7f92e8075000 r-xp 00001000 08:06 2638838                    /usr/lib/x86_64-linux-gnu/libX11-xcb.so.1.0.0
7f92e8075000-7f92e8076000 r--p 00002000 08:06 2638838                    /usr/lib/x86_64-linux-gnu/libX11-xcb.so.1.0.0
7f92e8076000-7f92e8077000 r--p 00002000 08:06 2638838                    /usr/lib/x86_64-linux-gnu/libX11-xcb.so.1.0.0
7f92e8077000-7f92e8078000 rw-p 00003000 08:06 2638838                    /usr/lib/x86_64-linux-gnu/libX11-xcb.so.1.0.0
7f92e8078000-7f92e807b000 r--p 00000000 08:06 2638855                    /usr/lib/x86_64-linux-gnu/libXcursor.so.1.0.2
7f92e807b000-7f92e8081000 r-xp 00003000 08:06 2638855                    /usr/lib/x86_64-linux-gnu/libXcursor.so.1.0.2
7f92e8081000-7f92e8083000 r--p 00009000 08:06 2638855                    /usr/lib/x86_64-linux-gnu/libXcursor.so.1.0.2
7f92e8083000-7f92e8084000 r--p 0000a000 08:06 2638855                    /usr/lib/x86_64-linux-gnu/libXcursor.so.1.0.2
7f92e8084000-7f92e8085000 rw-p 0000b000 08:06 2638855                    /usr/lib/x86_64-linux-gnu/libXcursor.so.1.0.2
7f92e8085000-7f92e8086000 ---p 00000000 00:00 0 
7f92e8086000-7f92e8187000 rw-p 00000000 00:00 0 
7f92e8187000-7f92e8707000 rw-p 00000000 00:00 0 
7f92e8707000-7f92e8987000 ---p 00000000 00:00 0 
7f92e8987000-7f92e8bf7000 rwxp 00000000 00:00 0 
7f92e8bf7000-7f92e8f17000 ---p 00000000 00:00 0 
7f92e8f17000-7f92e9187000 rwxp 00000000 00:00 0 
7f92e9187000-7f92f044f000 ---p 00000000 00:00 0 
7f92f044f000-7f92f06bf000 rwxp 00000000 00:00 0 
7f92f06bf000-7f92f7987000 ---p 00000000 00:00 0 
7f92f7987000-7f9300000000 r--s 00000000 08:06 133867                     /usr/lib/jvm/java-11-openjdk-amd64/lib/modules
7f9300000000-7f93006b7000 rw-p 00000000 00:00 0 
7f93006b7000-7f9304000000 ---p 00000000 00:00 0 
7f9304002000-7f9304003000 r--p 00000000 08:06 2638879                    /usr/lib/x86_64-linux-gnu/libXinerama.so.1.0.0
7f9304003000-7f9304004000 r-xp 00001000 08:06 2638879                    /usr/lib/x86_64-linux-gnu/libXinerama.so.1.0.0
7f9304004000-7f9304005000 r--p 00002000 08:06 2638879                    /usr/lib/x86_64-linux-gnu/libXinerama.so.1.0.0
7f9304005000-7f9304006000 r--p 00002000 08:06 2638879                    /usr/lib/x86_64-linux-gnu/libXinerama.so.1.0.0
7f9304006000-7f9304007000 rw-p 00003000 08:06 2638879                    /usr/lib/x86_64-linux-gnu/libXinerama.so.1.0.0
7f9304007000-7f9304013000 r--p 00000000 08:06 2641037                    /usr/lib/x86_64-linux-gnu/libxcb.so.1.1.0
7f9304013000-7f9304026000 r-xp 0000c000 08:06 2641037                    /usr/lib/x86_64-linux-gnu/libxcb.so.1.1.0
7f9304026000-7f930402f000 r--p 0001f000 08:06 2641037                    /usr/lib/x86_64-linux-gnu/libxcb.so.1.1.0
7f930402f000-7f9304030000 r--p 00027000 08:06 2641037                    /usr/lib/x86_64-linux-gnu/libxcb.so.1.1.0
7f9304030000-7f9304031000 rw-p 00028000 08:06 2641037                    /usr/lib/x86_64-linux-gnu/libxcb.so.1.1.0
7f9304032000-7f930403a000 rw-s 00000000 00:17 1336524                    /i915 (deleted)
7f930403a000-7f930403b000 rw-s 00000000 00:05 1336517                    /memfd:xshmfence (deleted)
7f930403b000-7f930403c000 rwxp 00000000 00:00 0 
7f930403c000-7f9304040000 rw-s 00000000 00:17 1336515                    /i915 (deleted)
7f9304040000-7f9304048000 rw-s 00000000 00:17 1336513                    /i915 (deleted)
7f9304048000-7f9304052000 rw-s 00000000 00:17 1336512                    /i915 (deleted)
7f9304052000-7f9304056000 r--p 00000000 08:06 133856                     /usr/lib/jvm/java-11-openjdk-amd64/lib/libnet.so
7f9304056000-7f9304065000 r-xp 00004000 08:06 133856                     /usr/lib/jvm/java-11-openjdk-amd64/lib/libnet.so
7f9304065000-7f9304069000 r--p 00013000 08:06 133856                     /usr/lib/jvm/java-11-openjdk-amd64/lib/libnet.so
7f9304069000-7f930406a000 r--p 00016000 08:06 133856                     /usr/lib/jvm/java-11-openjdk-amd64/lib/libnet.so
7f930406a000-7f930406b000 rw-p 00017000 08:06 133856                     /usr/lib/jvm/java-11-openjdk-amd64/lib/libnet.so
7f930406b000-7f9304072000 r--p 00000000 08:06 133857                     /usr/lib/jvm/java-11-openjdk-amd64/lib/libnio.so
7f9304072000-7f9304079000 r-xp 00007000 08:06 133857                     /usr/lib/jvm/java-11-openjdk-amd64/lib/libnio.so
7f9304079000-7f930407c000 r--p 0000e000 08:06 133857                     /usr/lib/jvm/java-11-openjdk-amd64/lib/libnio.so
7f930407c000-7f930407d000 r--p 00010000 08:06 133857                     /usr/lib/jvm/java-11-openjdk-amd64/lib/libnio.so
7f930407d000-7f930407e000 rw-p 00011000 08:06 133857                     /usr/lib/jvm/java-11-openjdk-amd64/lib/libnio.so
7f930407e000-7f930407f000 r--p 00000000 08:06 133836                     /usr/lib/jvm/java-11-openjdk-amd64/lib/libdt_socket.so
7f930407f000-7f9304082000 r-xp 00001000 08:06 133836                     /usr/lib/jvm/java-11-openjdk-amd64/lib/libdt_socket.so
7f9304082000-7f9304083000 r--p 00004000 08:06 133836                     /usr/lib/jvm/java-11-openjdk-amd64/lib/libdt_socket.so
7f9304083000-7f9304084000 r--p 00004000 08:06 133836                     /usr/lib/jvm/java-11-openjdk-amd64/lib/libdt_socket.so
7f9304084000-7f9304085000 rw-p 00005000 08:06 133836                     /usr/lib/jvm/java-11-openjdk-amd64/lib/libdt_socket.so
7f9304085000-7f93040d8000 r--p 00000000 08:06 526132                     /usr/lib/locale/aa_DJ.utf8/LC_CTYPE
7f93040d8000-7f93040d9000 r--p 00000000 08:06 526161                     /usr/lib/locale/aa_ET/LC_NUMERIC
7f93040d9000-7f93040da000 r--p 00000000 08:06 527326                     /usr/lib/locale/en_US.utf8/LC_TIME
7f93040da000-7f93040db000 r--p 00000000 08:06 526810                     /usr/lib/locale/chr_US/LC_MONETARY
7f93040db000-7f93040e2000 r--s 00000000 08:06 2637433                    /usr/lib/x86_64-linux-gnu/gconv/gconv-modules.cache
7f93040e2000-7f93041be000 rw-p 00000000 00:00 0 
7f93041be000-7f93041bf000 ---p 00000000 00:00 0 
7f93041bf000-7f93042c0000 rw-p 00000000 00:00 0 
7f93042c0000-7f93042c1000 ---p 00000000 00:00 0 
7f93042c1000-7f93047c6000 rw-p 00000000 00:00 0 
7f93047c6000-7f93047c7000 ---p 00000000 00:00 0 
7f93047c7000-7f93048c8000 rw-p 00000000 00:00 0 
7f93048c8000-7f93048c9000 ---p 00000000 00:00 0 
7f93048c9000-7f93049ca000 rw-p 00000000 00:00 0 
7f93049ca000-7f9304ada000 rw-p 00000000 00:00 0 
7f9304ada000-7f93058d2000 ---p 00000000 00:00 0 
7f93058d2000-7f93058f0000 rw-p 00000000 00:00 0 
7f93058f0000-7f9305aaf000 ---p 00000000 00:00 0 
7f9305aaf000-7f9305acd000 rw-p 00000000 00:00 0 
7f9305acd000-7f9305c8c000 ---p 00000000 00:00 0 
7f9305c8c000-7f9305caa000 rw-p 00000000 00:00 0 
7f9305caa000-7f9305e69000 ---p 00000000 00:00 0 
7f9305e69000-7f930626d000 rw-p 00000000 00:00 0 
7f930626d000-7f930626e000 ---p 00000000 00:00 0 
7f930626e000-7f930636f000 rw-p 00000000 00:00 0 
7f930636f000-7f9306374000 rw-p 00000000 00:00 0 
7f9306374000-7f930645a000 ---p 00000000 00:00 0 
7f930645a000-7f930645f000 rw-p 00000000 00:00 0 
7f930645f000-7f9306545000 ---p 00000000 00:00 0 
7f9306545000-7f930654a000 rw-p 00000000 00:00 0 
7f930654a000-7f9306551000 ---p 00000000 00:00 0 
7f9306551000-7f9306554000 r--p 00000000 08:06 2640238                    /usr/lib/x86_64-linux-gnu/libnss_files-2.28.so
7f9306554000-7f930655b000 r-xp 00003000 08:06 2640238                    /usr/lib/x86_64-linux-gnu/libnss_files-2.28.so
7f930655b000-7f930655e000 r--p 0000a000 08:06 2640238                    /usr/lib/x86_64-linux-gnu/libnss_files-2.28.so
7f930655e000-7f930655f000 r--p 0000c000 08:06 2640238                    /usr/lib/x86_64-linux-gnu/libnss_files-2.28.so
7f930655f000-7f9306560000 rw-p 0000d000 08:06 2640238                    /usr/lib/x86_64-linux-gnu/libnss_files-2.28.so
7f9306560000-7f9306566000 rw-p 00000000 00:00 0 
7f9306566000-7f9306567000 r--p 00000000 08:06 527105                     /usr/lib/locale/en_AG/LC_MESSAGES/SYS_LC_MESSAGES
7f9306567000-7f9306568000 r--p 00000000 08:06 526811                     /usr/lib/locale/chr_US/LC_PAPER
7f9306568000-7f9306569000 r--p 00000000 08:06 526638                     /usr/lib/locale/bi_VU/LC_NAME
7f9306569000-7f930656a000 r--p 00000000 08:06 527323                     /usr/lib/locale/en_US.utf8/LC_ADDRESS
7f930656a000-7f930656b000 r--p 00000000 08:06 526812                     /usr/lib/locale/chr_US/LC_TELEPHONE
7f930656b000-7f930656c000 r--p 00000000 08:06 526807                     /usr/lib/locale/chr_US/LC_MEASUREMENT
7f930656c000-7f930656e000 r--p 00000000 08:06 133848                     /usr/lib/jvm/java-11-openjdk-amd64/lib/libjimage.so
7f930656e000-7f9306571000 r-xp 00002000 08:06 133848                     /usr/lib/jvm/java-11-openjdk-amd64/lib/libjimage.so
7f9306571000-7f9306573000 r--p 00005000 08:06 133848                     /usr/lib/jvm/java-11-openjdk-amd64/lib/libjimage.so
7f9306573000-7f9306574000 r--p 00006000 08:06 133848                     /usr/lib/jvm/java-11-openjdk-amd64/lib/libjimage.so
7f9306574000-7f9306575000 rw-p 00007000 08:06 133848                     /usr/lib/jvm/java-11-openjdk-amd64/lib/libjimage.so
7f9306575000-7f9306577000 r--p 00000000 08:06 133866                     /usr/lib/jvm/java-11-openjdk-amd64/lib/libzip.so
7f9306577000-7f930657b000 r-xp 00002000 08:06 133866                     /usr/lib/jvm/java-11-openjdk-amd64/lib/libzip.so
7f930657b000-7f930657d000 r--p 00006000 08:06 133866                     /usr/lib/jvm/java-11-openjdk-amd64/lib/libzip.so
7f930657d000-7f930657e000 r--p 00007000 08:06 133866                     /usr/lib/jvm/java-11-openjdk-amd64/lib/libzip.so
7f930657e000-7f930657f000 rw-p 00008000 08:06 133866                     /usr/lib/jvm/java-11-openjdk-amd64/lib/libzip.so
7f930657f000-7f9306587000 rw-s 00000000 08:06 2291727                    /tmp/hsperfdata_cyking/17949
7f9306587000-7f9306589000 r--p 00000000 08:06 133847                     /usr/lib/jvm/java-11-openjdk-amd64/lib/libjdwp.so
7f9306589000-7f93065b5000 r-xp 00002000 08:06 133847                     /usr/lib/jvm/java-11-openjdk-amd64/lib/libjdwp.so
7f93065b5000-7f93065c3000 r--p 0002e000 08:06 133847                     /usr/lib/jvm/java-11-openjdk-amd64/lib/libjdwp.so
7f93065c3000-7f93065c4000 r--p 0003b000 08:06 133847                     /usr/lib/jvm/java-11-openjdk-amd64/lib/libjdwp.so
7f93065c4000-7f93065c5000 rw-p 0003c000 08:06 133847                     /usr/lib/jvm/java-11-openjdk-amd64/lib/libjdwp.so
7f93065c5000-7f93065d2000 r--p 00000000 08:06 133844                     /usr/lib/jvm/java-11-openjdk-amd64/lib/libjava.so
7f93065d2000-7f93065e7000 r-xp 0000d000 08:06 133844                     /usr/lib/jvm/java-11-openjdk-amd64/lib/libjava.so
7f93065e7000-7f93065ee000 r--p 00022000 08:06 133844                     /usr/lib/jvm/java-11-openjdk-amd64/lib/libjava.so
7f93065ee000-7f93065ef000 r--p 00028000 08:06 133844                     /usr/lib/jvm/java-11-openjdk-amd64/lib/libjava.so
7f93065ef000-7f93065f1000 rw-p 00029000 08:06 133844                     /usr/lib/jvm/java-11-openjdk-amd64/lib/libjava.so
7f93065f1000-7f93065f3000 r--p 00000000 08:06 2640528                    /usr/lib/x86_64-linux-gnu/librt-2.28.so
7f93065f3000-7f93065f7000 r-xp 00002000 08:06 2640528                    /usr/lib/x86_64-linux-gnu/librt-2.28.so
7f93065f7000-7f93065f9000 r--p 00006000 08:06 2640528                    /usr/lib/x86_64-linux-gnu/librt-2.28.so
7f93065f9000-7f93065fa000 r--p 00007000 08:06 2640528                    /usr/lib/x86_64-linux-gnu/librt-2.28.so
7f93065fa000-7f93065fb000 rw-p 00008000 08:06 2640528                    /usr/lib/x86_64-linux-gnu/librt-2.28.so
7f93065fb000-7f93065ff000 ---p 00000000 00:00 0 
7f93065ff000-7f93066fc000 rw-p 00000000 00:00 0 
7f93066fc000-7f93066ff000 r--p 00000000 08:06 2639510                    /usr/lib/x86_64-linux-gnu/libgcc_s.so.1
7f93066ff000-7f9306710000 r-xp 00003000 08:06 2639510                    /usr/lib/x86_64-linux-gnu/libgcc_s.so.1
7f9306710000-7f9306713000 r--p 00014000 08:06 2639510                    /usr/lib/x86_64-linux-gnu/libgcc_s.so.1
7f9306713000-7f9306714000 ---p 00017000 08:06 2639510                    /usr/lib/x86_64-linux-gnu/libgcc_s.so.1
7f9306714000-7f9306715000 r--p 00017000 08:06 2639510                    /usr/lib/x86_64-linux-gnu/libgcc_s.so.1
7f9306715000-7f9306716000 rw-p 00018000 08:06 2639510                    /usr/lib/x86_64-linux-gnu/libgcc_s.so.1
7f9306716000-7f9306723000 r--p 00000000 08:06 2640034                    /usr/lib/x86_64-linux-gnu/libm-2.28.so
7f9306723000-7f93067c2000 r-xp 0000d000 08:06 2640034                    /usr/lib/x86_64-linux-gnu/libm-2.28.so
7f93067c2000-7f9306897000 r--p 000ac000 08:06 2640034                    /usr/lib/x86_64-linux-gnu/libm-2.28.so
7f9306897000-7f9306898000 r--p 00180000 08:06 2640034                    /usr/lib/x86_64-linux-gnu/libm-2.28.so
7f9306898000-7f9306899000 rw-p 00181000 08:06 2640034                    /usr/lib/x86_64-linux-gnu/libm-2.28.so
7f9306899000-7f9306922000 r--p 00000000 08:06 2640650                    /usr/lib/x86_64-linux-gnu/libstdc++.so.6.0.25
7f9306922000-7f93069ce000 r-xp 00089000 08:06 2640650                    /usr/lib/x86_64-linux-gnu/libstdc++.so.6.0.25
7f93069ce000-7f9306a0c000 r--p 00135000 08:06 2640650                    /usr/lib/x86_64-linux-gnu/libstdc++.so.6.0.25
7f9306a0c000-7f9306a0d000 ---p 00173000 08:06 2640650                    /usr/lib/x86_64-linux-gnu/libstdc++.so.6.0.25
7f9306a0d000-7f9306a17000 r--p 00173000 08:06 2640650                    /usr/lib/x86_64-linux-gnu/libstdc++.so.6.0.25
7f9306a17000-7f9306a19000 rw-p 0017d000 08:06 2640650                    /usr/lib/x86_64-linux-gnu/libstdc++.so.6.0.25
7f9306a19000-7f9306a1c000 rw-p 00000000 00:00 0 
7f9306a1c000-7f9306c89000 r--p 00000000 08:06 396989                     /usr/lib/jvm/java-11-openjdk-amd64/lib/server/libjvm.so
7f9306c89000-7f93077ac000 r-xp 0026d000 08:06 396989                     /usr/lib/jvm/java-11-openjdk-amd64/lib/server/libjvm.so
7f93077ac000-7f93079e4000 r--p 00d90000 08:06 396989                     /usr/lib/jvm/java-11-openjdk-amd64/lib/server/libjvm.so
7f93079e4000-7f93079e5000 ---p 00fc8000 08:06 396989                     /usr/lib/jvm/java-11-openjdk-amd64/lib/server/libjvm.so
7f93079e5000-7f9307aa2000 r--p 00fc8000 08:06 396989                     /usr/lib/jvm/java-11-openjdk-amd64/lib/server/libjvm.so
7f9307aa2000-7f9307adb000 rw-p 01085000 08:06 396989                     /usr/lib/jvm/java-11-openjdk-amd64/lib/server/libjvm.so
7f9307adb000-7f9307b31000 rw-p 00000000 00:00 0 
7f9307b31000-7f9307b33000 rw-p 00000000 00:00 0 
7f9307b33000-7f9307b55000 r--p 00000000 08:06 2639103                    /usr/lib/x86_64-linux-gnu/libc-2.28.so
7f9307b55000-7f9307c9d000 r-xp 00022000 08:06 2639103                    /usr/lib/x86_64-linux-gnu/libc-2.28.so
7f9307c9d000-7f9307ce9000 r--p 0016a000 08:06 2639103                    /usr/lib/x86_64-linux-gnu/libc-2.28.so
7f9307ce9000-7f9307cea000 ---p 001b6000 08:06 2639103                    /usr/lib/x86_64-linux-gnu/libc-2.28.so
7f9307cea000-7f9307cee000 r--p 001b6000 08:06 2639103                    /usr/lib/x86_64-linux-gnu/libc-2.28.so
7f9307cee000-7f9307cf0000 rw-p 001ba000 08:06 2639103                    /usr/lib/x86_64-linux-gnu/libc-2.28.so
7f9307cf0000-7f9307cf4000 rw-p 00000000 00:00 0 
7f9307cf4000-7f9307cf5000 r--p 00000000 08:06 2639275                    /usr/lib/x86_64-linux-gnu/libdl-2.28.so
7f9307cf5000-7f9307cf6000 r-xp 00001000 08:06 2639275                    /usr/lib/x86_64-linux-gnu/libdl-2.28.so
7f9307cf6000-7f9307cf7000 r--p 00002000 08:06 2639275                    /usr/lib/x86_64-linux-gnu/libdl-2.28.so
7f9307cf7000-7f9307cf8000 r--p 00002000 08:06 2639275                    /usr/lib/x86_64-linux-gnu/libdl-2.28.so
7f9307cf8000-7f9307cf9000 rw-p 00003000 08:06 2639275                    /usr/lib/x86_64-linux-gnu/libdl-2.28.so
7f9307cf9000-7f9307cfc000 r--p 00000000 08:06 133829                     /usr/lib/jvm/java-11-openjdk-amd64/lib/jli/libjli.so
7f9307cfc000-7f9307d06000 r-xp 00003000 08:06 133829                     /usr/lib/jvm/java-11-openjdk-amd64/lib/jli/libjli.so
7f9307d06000-7f9307d09000 r--p 0000d000 08:06 133829                     /usr/lib/jvm/java-11-openjdk-amd64/lib/jli/libjli.so
7f9307d09000-7f9307d0a000 r--p 0000f000 08:06 133829                     /usr/lib/jvm/java-11-openjdk-amd64/lib/jli/libjli.so
7f9307d0a000-7f9307d0b000 rw-p 00010000 08:06 133829                     /usr/lib/jvm/java-11-openjdk-amd64/lib/jli/libjli.so
7f9307d0b000-7f9307d11000 r--p 00000000 08:06 2640431                    /usr/lib/x86_64-linux-gnu/libpthread-2.28.so
7f9307d11000-7f9307d20000 r-xp 00006000 08:06 2640431                    /usr/lib/x86_64-linux-gnu/libpthread-2.28.so
7f9307d20000-7f9307d26000 r--p 00015000 08:06 2640431                    /usr/lib/x86_64-linux-gnu/libpthread-2.28.so
7f9307d26000-7f9307d27000 r--p 0001a000 08:06 2640431                    /usr/lib/x86_64-linux-gnu/libpthread-2.28.so
7f9307d27000-7f9307d28000 rw-p 0001b000 08:06 2640431                    /usr/lib/x86_64-linux-gnu/libpthread-2.28.so
7f9307d28000-7f9307d2c000 rw-p 00000000 00:00 0 
7f9307d2c000-7f9307d48000 r-xp 00000000 08:06 2641070                    /usr/lib/x86_64-linux-gnu/libz.so.1.2.11
7f9307d48000-7f9307f48000 ---p 0001c000 08:06 2641070                    /usr/lib/x86_64-linux-gnu/libz.so.1.2.11
7f9307f48000-7f9307f49000 r--p 0001c000 08:06 2641070                    /usr/lib/x86_64-linux-gnu/libz.so.1.2.11
7f9307f49000-7f9307f4a000 rw-p 0001d000 08:06 2641070                    /usr/lib/x86_64-linux-gnu/libz.so.1.2.11
7f9307f4a000-7f9307f4c000 rw-p 00000000 00:00 0 
7f9307f4c000-7f9307f4d000 r--p 00000000 08:06 527324                     /usr/lib/locale/en_US.utf8/LC_IDENTIFICATION
7f9307f4d000-7f9307f4f000 r--p 00000000 08:06 133839                     /usr/lib/jvm/java-11-openjdk-amd64/lib/libinstrument.so
7f9307f4f000-7f9307f55000 r-xp 00002000 08:06 133839                     /usr/lib/jvm/java-11-openjdk-amd64/lib/libinstrument.so
7f9307f55000-7f9307f58000 r--p 00008000 08:06 133839                     /usr/lib/jvm/java-11-openjdk-amd64/lib/libinstrument.so
7f9307f58000-7f9307f59000 r--p 0000a000 08:06 133839                     /usr/lib/jvm/java-11-openjdk-amd64/lib/libinstrument.so
7f9307f59000-7f9307f5a000 rw-p 0000b000 08:06 133839                     /usr/lib/jvm/java-11-openjdk-amd64/lib/libinstrument.so
7f9307f5a000-7f9307f5b000 ---p 00000000 00:00 0 
7f9307f5b000-7f9307f5c000 r--p 00000000 00:00 0 
7f9307f5c000-7f9307f61000 r--p 00000000 08:06 133865                     /usr/lib/jvm/java-11-openjdk-amd64/lib/libverify.so
7f9307f61000-7f9307f68000 r-xp 00005000 08:06 133865                     /usr/lib/jvm/java-11-openjdk-amd64/lib/libverify.so
7f9307f68000-7f9307f6a000 r--p 0000c000 08:06 133865                     /usr/lib/jvm/java-11-openjdk-amd64/lib/libverify.so
7f9307f6a000-7f9307f6c000 r--p 0000d000 08:06 133865                     /usr/lib/jvm/java-11-openjdk-amd64/lib/libverify.so
7f9307f6c000-7f9307f6d000 rw-p 0000f000 08:06 133865                     /usr/lib/jvm/java-11-openjdk-amd64/lib/libverify.so
7f9307f6d000-7f9307f6e000 r--p 00000000 08:06 2638386                    /usr/lib/x86_64-linux-gnu/ld-2.28.so
7f9307f6e000-7f9307f8c000 r-xp 00001000 08:06 2638386                    /usr/lib/x86_64-linux-gnu/ld-2.28.so
7f9307f8c000-7f9307f94000 r--p 0001f000 08:06 2638386                    /usr/lib/x86_64-linux-gnu/ld-2.28.so
7f9307f94000-7f9307f95000 r--p 00026000 08:06 2638386                    /usr/lib/x86_64-linux-gnu/ld-2.28.so
7f9307f95000-7f9307f96000 rw-p 00027000 08:06 2638386                    /usr/lib/x86_64-linux-gnu/ld-2.28.so
7f9307f96000-7f9307f97000 rw-p 00000000 00:00 0 
7ffded2fc000-7ffded31d000 rw-p 00000000 00:00 0                          [stack]
7ffded3b2000-7ffded3b5000 r--p 00000000 00:00 0                          [vvar]
7ffded3b5000-7ffded3b7000 r-xp 00000000 00:00 0                          [vdso]


VM Arguments:
jvm_args: -agentlib:jdwp=transport=dt_socket,suspend=y,address=localhost:33571 -Djava.library.path=/media/cyking/Devopps/MyProjects/JavaGameDevelopment/VoyceEngine/dependancies/lwjgl:/media/cyking/Devopps/MyProjects/JavaGameDevelopment/VoyceEngine/dependancies/lwjgl-assimp/lwjgl-assimp-natives-linux:/media/cyking/Devopps/MyProjects/JavaGameDevelopment/VoyceEngine/dependancies/lwjgl-glfw:/media/cyking/Devopps/MyProjects/JavaGameDevelopment/VoyceEngine/dependancies/lwjgl-jawt:/media/cyking/Devopps/MyProjects/JavaGameDevelopment/VoyceEngine/dependancies/lwjgl-opengl:/media/cyking/Devopps/MyProjects/JavaGameDevelopment/VoyceEngine/dependancies/lwjgl-stb:/media/cyking/Devopps/MyProjects/JavaGameDevelopment/VoyceEngine/dependancies/lwjgl-nuklear/lwjgl-nuklear-natives-linux -javaagent:/home/cyking/Downloads/eclipse/configuration/org.eclipse.osgi/1235/0/.cp/lib/javaagent-shaded.jar -Dfile.encoding=UTF-8 
java_command: testunits.VoyceSandBox
java_class_path (initial): /media/cyking/Devopps/MyProjects/JavaGameDevelopment/VoyceEngine/bin:/media/cyking/Devopps/MyProjects/JavaGameDevelopment/VoyceEngine/dependancies/lwjgl/lwjgl.jar:/media/cyking/Devopps/MyProjects/JavaGameDevelopment/VoyceEngine/dependancies/lwjgl-assimp/lwjgl-assimp.jar:/media/cyking/Devopps/MyProjects/JavaGameDevelopment/VoyceEngine/dependancies/lwjgl-glfw/lwjgl-glfw.jar:/media/cyking/Devopps/MyProjects/JavaGameDevelopment/VoyceEngine/dependancies/lwjgl-jawt/lwjgl-jawt.jar:/media/cyking/Devopps/MyProjects/JavaGameDevelopment/VoyceEngine/dependancies/lwjgl-opengl/lwjgl-opengl.jar:/media/cyking/Devopps/MyProjects/JavaGameDevelopment/VoyceEngine/dependancies/lwjgl-stb/lwjgl-stb.jar:/media/cyking/Devopps/MyProjects/JavaGameDevelopment/VoyceEngine/dependancies/joml/joml-1.9.9.jar:/media/cyking/Devopps/MyProjects/JavaGameDevelopment/VoyceEngine/dependancies/lwjgl-nuklear/lwjgl-nuklear.jar
Launcher Type: SUN_STANDARD

[Global flags]
     intx CICompilerCount                          = 3                                         {product} {ergonomic}
     uint ConcGCThreads                            = 1                                         {product} {ergonomic}
     uint G1ConcRefinementThreads                  = 4                                         {product} {ergonomic}
   size_t G1HeapRegionSize                         = 1048576                                   {product} {ergonomic}
    uintx GCDrainStackTargetSize                   = 64                                        {product} {ergonomic}
   size_t InitialHeapSize                          = 62914560                                  {product} {ergonomic}
   size_t MarkStackSize                            = 4194304                                   {product} {ergonomic}
   size_t MaxHeapSize                              = 1000341504                                {product} {ergonomic}
   size_t MaxNewSize                               = 599785472                                 {product} {ergonomic}
   size_t MinHeapDeltaBytes                        = 1048576                                   {product} {ergonomic}
    uintx NonNMethodCodeHeapSize                   = 5830092                                {pd product} {ergonomic}
    uintx NonProfiledCodeHeapSize                  = 122914074                              {pd product} {ergonomic}
    uintx ProfiledCodeHeapSize                     = 122914074                              {pd product} {ergonomic}
    uintx ReservedCodeCacheSize                    = 251658240                              {pd product} {ergonomic}
     bool SegmentedCodeCache                       = true                                      {product} {ergonomic}
     bool UseCompressedClassPointers               = true                                 {lp64_product} {ergonomic}
     bool UseCompressedOops                        = true                                 {lp64_product} {ergonomic}
     bool UseG1GC                                  = true                                      {product} {ergonomic}

Logging:
Log output configuration:
 #0: stdout all=warning uptime,level,tags
 #1: stderr all=off uptime,level,tags

Environment Variables:
PATH=/usr/local/sbin:/usr/sbin:/sbin:/usr/local/bin:/usr/bin:/bin:/usr/local/games:/usr/games:/snap/bin
USERNAME=cyking
SHELL=/bin/bash
DISPLAY=:1

Signal Handlers:
SIGSEGV: [libjvm.so+0xd1dde0], sa_mask[0]=11111111011111111101111111111110, sa_flags=SA_RESTART|SA_SIGINFO
SIGBUS: [libjvm.so+0xd1dde0], sa_mask[0]=11111111011111111101111111111110, sa_flags=SA_RESTART|SA_SIGINFO
SIGFPE: [libjvm.so+0xd1dde0], sa_mask[0]=11111111011111111101111111111110, sa_flags=SA_RESTART|SA_SIGINFO
SIGPIPE: [libjvm.so+0xb27450], sa_mask[0]=11111111011111111101111111111110, sa_flags=SA_RESTART|SA_SIGINFO
SIGXFSZ: [libjvm.so+0xb27450], sa_mask[0]=11111111011111111101111111111110, sa_flags=SA_RESTART|SA_SIGINFO
SIGILL: [libjvm.so+0xd1dde0], sa_mask[0]=11111111011111111101111111111110, sa_flags=SA_RESTART|SA_SIGINFO
SIGUSR2: [libjvm.so+0xb272e0], sa_mask[0]=00100000000000000000000000000000, sa_flags=SA_RESTART|SA_SIGINFO
SIGHUP: [libjvm.so+0xb27850], sa_mask[0]=11111111011111111101111111111110, sa_flags=SA_RESTART|SA_SIGINFO
SIGINT: [libjvm.so+0xb27850], sa_mask[0]=11111111011111111101111111111110, sa_flags=SA_RESTART|SA_SIGINFO
SIGTERM: [libjvm.so+0xb27850], sa_mask[0]=11111111011111111101111111111110, sa_flags=SA_RESTART|SA_SIGINFO
SIGQUIT: [libjvm.so+0xb27850], sa_mask[0]=11111111011111111101111111111110, sa_flags=SA_RESTART|SA_SIGINFO


---------------  S Y S T E M  ---------------

OS:DISTRIB_ID=Kali
DISTRIB_RELEASE=kali-rolling
DISTRIB_CODENAME=kali-rolling
DISTRIB_DESCRIPTION="Kali GNU/Linux Rolling"
uname:Linux 4.19.0-kali3-amd64 #1 SMP Debian 4.19.20-1kali1 (2019-02-14) x86_64
libc:glibc 2.28 NPTL 2.28 
rlimit: STACK 8192k, CORE 0k, NPROC 14745, NOFILE 1048576, AS infinity, DATA infinity, FSIZE infinity
load average:1.36 1.59 1.68

/proc/meminfo:
MemTotal:        3903904 kB
MemFree:          118612 kB
MemAvailable:     281972 kB
Buffers:           41884 kB
Cached:           523804 kB
SwapCached:        62980 kB
Active:          2660508 kB
Inactive:         797196 kB
Active(anon):    2445940 kB
Inactive(anon):   675680 kB
Active(file):     214568 kB
Inactive(file):   121516 kB
Unevictable:         160 kB
Mlocked:             160 kB
SwapTotal:       7865340 kB
SwapFree:        5580764 kB
Dirty:              1120 kB
Writeback:             0 kB
AnonPages:       2884744 kB
Mapped:           275260 kB
Shmem:            229200 kB
Slab:             174432 kB
SReclaimable:      69452 kB
SUnreclaim:       104980 kB
KernelStack:       14480 kB
PageTables:        51840 kB
NFS_Unstable:          0 kB
Bounce:                0 kB
WritebackTmp:          0 kB
CommitLimit:     9817292 kB
Committed_AS:   13408948 kB
VmallocTotal:   34359738367 kB
VmallocUsed:           0 kB
VmallocChunk:          0 kB
Percpu:             1664 kB
HardwareCorrupted:     0 kB
AnonHugePages:    530432 kB
ShmemHugePages:        0 kB
ShmemPmdMapped:        0 kB
HugePages_Total:       0
HugePages_Free:        0
HugePages_Rsvd:        0
HugePages_Surp:        0
Hugepagesize:       2048 kB
Hugetlb:               0 kB
DirectMap4k:      707356 kB
DirectMap2M:     3350528 kB
DirectMap1G:           0 kB


/proc/sys/kernel/threads-max (system-wide limit on the number of threads):
29491


/proc/sys/vm/max_map_count (maximum number of memory map areas a process may have):
65530


/proc/sys/kernel/pid_max (system-wide limit on number of process identifiers):
32768



container (cgroup) information:
container_type: cgroupv1
cpu_cpuset_cpus: 0-3
cpu_memory_nodes: 0
active_processor_count: 4
cpu_quota: -1
cpu_period: 100000
cpu_shares: -1
memory_limit_in_bytes: -1
memory_and_swap_limit_in_bytes: -2
memory_soft_limit_in_bytes: -1
memory_usage_in_bytes: 3394662400
memory_max_usage_in_bytes: 3468840960


CPU:total 4 (initial active 4) (2 cores per cpu, 2 threads per core) family 6 model 142 stepping 10, cmov, cx8, fxsr, mmx, sse, sse2, sse3, ssse3, sse4.1, sse4.2, popcnt, avx, avx2, aes, clmul, erms, 3dnowpref, lzcnt, ht, tsc, tscinvbit, bmi1, bmi2, adx, fma
CPU Model and flags from /proc/cpuinfo:
model name	: Intel(R) Core(TM) i3-8130U CPU @ 2.20GHz
flags		: fpu vme de pse tsc msr pae mce cx8 apic sep mtrr pge mca cmov pat pse36 clflush dts acpi mmx fxsr sse sse2 ss ht tm pbe syscall nx pdpe1gb rdtscp lm constant_tsc art arch_perfmon pebs bts rep_good nopl xtopology nonstop_tsc cpuid aperfmperf tsc_known_freq pni pclmulqdq dtes64 monitor ds_cpl vmx est tm2 ssse3 sdbg fma cx16 xtpr pdcm pcid sse4_1 sse4_2 x2apic movbe popcnt tsc_deadline_timer aes xsave avx f16c rdrand lahf_lm abm 3dnowprefetch cpuid_fault epb invpcid_single pti ssbd ibrs ibpb stibp tpr_shadow vnmi flexpriority ept vpid ept_ad fsgsbase tsc_adjust bmi1 avx2 smep bmi2 erms invpcid mpx rdseed adx smap clflushopt intel_pt xsaveopt xsavec xgetbv1 xsaves dtherm ida arat pln pts hwp hwp_notify hwp_act_window hwp_epp flush_l1d

Memory: 4k page, physical 3903904k(118612k free), swap 7865340k(5580764k free)

vm_info: OpenJDK 64-Bit Server VM (11.0.2+9-Debian-3) for linux-amd64 JRE (11.0.2+9-Debian-3), built on Jan 24 2019 14:11:52 by "buildd" with gcc 8.2.0

END.
